CRITICAL - 2022-06-04 00:00:57 --> preg_match(): Compilation failed: missing closing parenthesis at offset 16
#0 [internal function]: CodeIgniter\Debug\Exceptions->errorHandler(2, 'preg_match(): C...', 'C:\\xampp\\htdocs...', 384, Array)
#1 C:\xampp\htdocs\TP1NavarroMilagros\system\Router\Router.php(384): preg_match('#^editar/([0-9]...', 'public/js/poope...', Array)
#2 C:\xampp\htdocs\TP1NavarroMilagros\system\Router\Router.php(154): CodeIgniter\Router\Router->checkRoutes('public/js/poope...')
#3 C:\xampp\htdocs\TP1NavarroMilagros\system\CodeIgniter.php(726): CodeIgniter\Router\Router->handle('public/js/poope...')
#4 C:\xampp\htdocs\TP1NavarroMilagros\system\CodeIgniter.php(368): CodeIgniter\CodeIgniter->tryToRouteIt(Object(CodeIgniter\Router\RouteCollection))
#5 C:\xampp\htdocs\TP1NavarroMilagros\system\CodeIgniter.php(326): CodeIgniter\CodeIgniter->handleRequest(NULL, Object(Config\Cache), false)
#6 C:\xampp\htdocs\TP1NavarroMilagros\index.php(37): CodeIgniter\CodeIgniter->run()
#7 {main}
CRITICAL - 2022-06-04 00:01:01 --> preg_match(): Compilation failed: missing closing parenthesis at offset 16
#0 [internal function]: CodeIgniter\Debug\Exceptions->errorHandler(2, 'preg_match(): C...', 'C:\\xampp\\htdocs...', 384, Array)
#1 C:\xampp\htdocs\TP1NavarroMilagros\system\Router\Router.php(384): preg_match('#^editar/([0-9]...', 'update/$lib->id', Array)
#2 C:\xampp\htdocs\TP1NavarroMilagros\system\Router\Router.php(154): CodeIgniter\Router\Router->checkRoutes('update/$lib->id')
#3 C:\xampp\htdocs\TP1NavarroMilagros\system\CodeIgniter.php(726): CodeIgniter\Router\Router->handle('update/$lib->id')
#4 C:\xampp\htdocs\TP1NavarroMilagros\system\CodeIgniter.php(368): CodeIgniter\CodeIgniter->tryToRouteIt(Object(CodeIgniter\Router\RouteCollection))
#5 C:\xampp\htdocs\TP1NavarroMilagros\system\CodeIgniter.php(326): CodeIgniter\CodeIgniter->handleRequest(NULL, Object(Config\Cache), false)
#6 C:\xampp\htdocs\TP1NavarroMilagros\index.php(37): CodeIgniter\CodeIgniter->run()
#7 {main}
CRITICAL - 2022-06-04 00:01:24 --> preg_match(): Compilation failed: missing closing parenthesis at offset 16
#0 [internal function]: CodeIgniter\Debug\Exceptions->errorHandler(2, 'preg_match(): C...', 'C:\\xampp\\htdocs...', 384, Array)
#1 C:\xampp\htdocs\TP1NavarroMilagros\system\Router\Router.php(384): preg_match('#^editar/([0-9]...', 'public/js/poope...', Array)
#2 C:\xampp\htdocs\TP1NavarroMilagros\system\Router\Router.php(154): CodeIgniter\Router\Router->checkRoutes('public/js/poope...')
#3 C:\xampp\htdocs\TP1NavarroMilagros\system\CodeIgniter.php(726): CodeIgniter\Router\Router->handle('public/js/poope...')
#4 C:\xampp\htdocs\TP1NavarroMilagros\system\CodeIgniter.php(368): CodeIgniter\CodeIgniter->tryToRouteIt(Object(CodeIgniter\Router\RouteCollection))
#5 C:\xampp\htdocs\TP1NavarroMilagros\system\CodeIgniter.php(326): CodeIgniter\CodeIgniter->handleRequest(NULL, Object(Config\Cache), false)
#6 C:\xampp\htdocs\TP1NavarroMilagros\index.php(37): CodeIgniter\CodeIgniter->run()
#7 {main}
CRITICAL - 2022-06-04 00:02:43 --> preg_match(): Compilation failed: missing closing parenthesis at offset 16
#0 [internal function]: CodeIgniter\Debug\Exceptions->errorHandler(2, 'preg_match(): C...', 'C:\\xampp\\htdocs...', 384, Array)
#1 C:\xampp\htdocs\TP1NavarroMilagros\system\Router\Router.php(384): preg_match('#^editar/([0-9]...', 'public/js/poope...', Array)
#2 C:\xampp\htdocs\TP1NavarroMilagros\system\Router\Router.php(154): CodeIgniter\Router\Router->checkRoutes('public/js/poope...')
#3 C:\xampp\htdocs\TP1NavarroMilagros\system\CodeIgniter.php(726): CodeIgniter\Router\Router->handle('public/js/poope...')
#4 C:\xampp\htdocs\TP1NavarroMilagros\system\CodeIgniter.php(368): CodeIgniter\CodeIgniter->tryToRouteIt(Object(CodeIgniter\Router\RouteCollection))
#5 C:\xampp\htdocs\TP1NavarroMilagros\system\CodeIgniter.php(326): CodeIgniter\CodeIgniter->handleRequest(NULL, Object(Config\Cache), false)
#6 C:\xampp\htdocs\TP1NavarroMilagros\index.php(37): CodeIgniter\CodeIgniter->run()
#7 {main}
CRITICAL - 2022-06-04 00:02:47 --> preg_match(): Compilation failed: missing closing parenthesis at offset 16
#0 [internal function]: CodeIgniter\Debug\Exceptions->errorHandler(2, 'preg_match(): C...', 'C:\\xampp\\htdocs...', 384, Array)
#1 C:\xampp\htdocs\TP1NavarroMilagros\system\Router\Router.php(384): preg_match('#^editar/([0-9]...', 'update/$lib->id', Array)
#2 C:\xampp\htdocs\TP1NavarroMilagros\system\Router\Router.php(154): CodeIgniter\Router\Router->checkRoutes('update/$lib->id')
#3 C:\xampp\htdocs\TP1NavarroMilagros\system\CodeIgniter.php(726): CodeIgniter\Router\Router->handle('update/$lib->id')
#4 C:\xampp\htdocs\TP1NavarroMilagros\system\CodeIgniter.php(368): CodeIgniter\CodeIgniter->tryToRouteIt(Object(CodeIgniter\Router\RouteCollection))
#5 C:\xampp\htdocs\TP1NavarroMilagros\system\CodeIgniter.php(326): CodeIgniter\CodeIgniter->handleRequest(NULL, Object(Config\Cache), false)
#6 C:\xampp\htdocs\TP1NavarroMilagros\index.php(37): CodeIgniter\CodeIgniter->run()
#7 {main}
CRITICAL - 2022-06-04 00:05:00 --> preg_match(): Compilation failed: missing closing parenthesis at offset 16
#0 [internal function]: CodeIgniter\Debug\Exceptions->errorHandler(2, 'preg_match(): C...', 'C:\\xampp\\htdocs...', 384, Array)
#1 C:\xampp\htdocs\TP1NavarroMilagros\system\Router\Router.php(384): preg_match('#^editar/([0-9]...', 'update/$lib->id', Array)
#2 C:\xampp\htdocs\TP1NavarroMilagros\system\Router\Router.php(154): CodeIgniter\Router\Router->checkRoutes('update/$lib->id')
#3 C:\xampp\htdocs\TP1NavarroMilagros\system\CodeIgniter.php(726): CodeIgniter\Router\Router->handle('update/$lib->id')
#4 C:\xampp\htdocs\TP1NavarroMilagros\system\CodeIgniter.php(368): CodeIgniter\CodeIgniter->tryToRouteIt(Object(CodeIgniter\Router\RouteCollection))
#5 C:\xampp\htdocs\TP1NavarroMilagros\system\CodeIgniter.php(326): CodeIgniter\CodeIgniter->handleRequest(NULL, Object(Config\Cache), false)
#6 C:\xampp\htdocs\TP1NavarroMilagros\index.php(37): CodeIgniter\CodeIgniter->run()
#7 {main}
CRITICAL - 2022-06-04 00:05:02 --> preg_match(): Compilation failed: missing closing parenthesis at offset 16
#0 [internal function]: CodeIgniter\Debug\Exceptions->errorHandler(2, 'preg_match(): C...', 'C:\\xampp\\htdocs...', 384, Array)
#1 C:\xampp\htdocs\TP1NavarroMilagros\system\Router\Router.php(384): preg_match('#^editar/([0-9]...', 'update/$lib->id', Array)
#2 C:\xampp\htdocs\TP1NavarroMilagros\system\Router\Router.php(154): CodeIgniter\Router\Router->checkRoutes('update/$lib->id')
#3 C:\xampp\htdocs\TP1NavarroMilagros\system\CodeIgniter.php(726): CodeIgniter\Router\Router->handle('update/$lib->id')
#4 C:\xampp\htdocs\TP1NavarroMilagros\system\CodeIgniter.php(368): CodeIgniter\CodeIgniter->tryToRouteIt(Object(CodeIgniter\Router\RouteCollection))
#5 C:\xampp\htdocs\TP1NavarroMilagros\system\CodeIgniter.php(326): CodeIgniter\CodeIgniter->handleRequest(NULL, Object(Config\Cache), false)
#6 C:\xampp\htdocs\TP1NavarroMilagros\index.php(37): CodeIgniter\CodeIgniter->run()
#7 {main}
CRITICAL - 2022-06-04 00:05:16 --> preg_match(): Compilation failed: missing closing parenthesis at offset 16
#0 [internal function]: CodeIgniter\Debug\Exceptions->errorHandler(2, 'preg_match(): C...', 'C:\\xampp\\htdocs...', 384, Array)
#1 C:\xampp\htdocs\TP1NavarroMilagros\system\Router\Router.php(384): preg_match('#^editar/([0-9]...', 'update/$lib->id', Array)
#2 C:\xampp\htdocs\TP1NavarroMilagros\system\Router\Router.php(154): CodeIgniter\Router\Router->checkRoutes('update/$lib->id')
#3 C:\xampp\htdocs\TP1NavarroMilagros\system\CodeIgniter.php(726): CodeIgniter\Router\Router->handle('update/$lib->id')
#4 C:\xampp\htdocs\TP1NavarroMilagros\system\CodeIgniter.php(368): CodeIgniter\CodeIgniter->tryToRouteIt(Object(CodeIgniter\Router\RouteCollection))
#5 C:\xampp\htdocs\TP1NavarroMilagros\system\CodeIgniter.php(326): CodeIgniter\CodeIgniter->handleRequest(NULL, Object(Config\Cache), false)
#6 C:\xampp\htdocs\TP1NavarroMilagros\index.php(37): CodeIgniter\CodeIgniter->run()
#7 {main}
CRITICAL - 2022-06-04 00:05:17 --> preg_match(): Compilation failed: missing closing parenthesis at offset 16
#0 [internal function]: CodeIgniter\Debug\Exceptions->errorHandler(2, 'preg_match(): C...', 'C:\\xampp\\htdocs...', 384, Array)
#1 C:\xampp\htdocs\TP1NavarroMilagros\system\Router\Router.php(384): preg_match('#^editar/([0-9]...', 'public/js/poope...', Array)
#2 C:\xampp\htdocs\TP1NavarroMilagros\system\Router\Router.php(154): CodeIgniter\Router\Router->checkRoutes('public/js/poope...')
#3 C:\xampp\htdocs\TP1NavarroMilagros\system\CodeIgniter.php(726): CodeIgniter\Router\Router->handle('public/js/poope...')
#4 C:\xampp\htdocs\TP1NavarroMilagros\system\CodeIgniter.php(368): CodeIgniter\CodeIgniter->tryToRouteIt(Object(CodeIgniter\Router\RouteCollection))
#5 C:\xampp\htdocs\TP1NavarroMilagros\system\CodeIgniter.php(326): CodeIgniter\CodeIgniter->handleRequest(NULL, Object(Config\Cache), false)
#6 C:\xampp\htdocs\TP1NavarroMilagros\index.php(37): CodeIgniter\CodeIgniter->run()
#7 {main}
CRITICAL - 2022-06-04 00:08:36 --> preg_match(): Compilation failed: missing closing parenthesis at offset 16
#0 [internal function]: CodeIgniter\Debug\Exceptions->errorHandler(2, 'preg_match(): C...', 'C:\\xampp\\htdocs...', 384, Array)
#1 C:\xampp\htdocs\TP1NavarroMilagros\system\Router\Router.php(384): preg_match('#^editar/([0-9]...', 'public/js/poope...', Array)
#2 C:\xampp\htdocs\TP1NavarroMilagros\system\Router\Router.php(154): CodeIgniter\Router\Router->checkRoutes('public/js/poope...')
#3 C:\xampp\htdocs\TP1NavarroMilagros\system\CodeIgniter.php(726): CodeIgniter\Router\Router->handle('public/js/poope...')
#4 C:\xampp\htdocs\TP1NavarroMilagros\system\CodeIgniter.php(368): CodeIgniter\CodeIgniter->tryToRouteIt(Object(CodeIgniter\Router\RouteCollection))
#5 C:\xampp\htdocs\TP1NavarroMilagros\system\CodeIgniter.php(326): CodeIgniter\CodeIgniter->handleRequest(NULL, Object(Config\Cache), false)
#6 C:\xampp\htdocs\TP1NavarroMilagros\index.php(37): CodeIgniter\CodeIgniter->run()
#7 {main}
CRITICAL - 2022-06-04 00:13:23 --> syntax error, unexpected '' (T_ENCAPSED_AND_WHITESPACE), expecting '-' or identifier (T_STRING) or variable (T_VARIABLE) or number (T_NUM_STRING)
#0 C:\xampp\htdocs\TP1NavarroMilagros\system\View\View.php(213): CodeIgniter\View\View->CodeIgniter\View\{closure}()
#1 C:\xampp\htdocs\TP1NavarroMilagros\system\Common.php(1089): CodeIgniter\View\View->render('back/usuario/us...', Array, true)
#2 C:\xampp\htdocs\TP1NavarroMilagros\app\Controllers\Usuario_crud_controller.php(13): view('back/usuario/us...', Array)
#3 C:\xampp\htdocs\TP1NavarroMilagros\system\CodeIgniter.php(832): App\Controllers\Usuario_crud_controller->index()
#4 C:\xampp\htdocs\TP1NavarroMilagros\system\CodeIgniter.php(419): CodeIgniter\CodeIgniter->runController(Object(App\Controllers\Usuario_crud_controller))
#5 C:\xampp\htdocs\TP1NavarroMilagros\system\CodeIgniter.php(326): CodeIgniter\CodeIgniter->handleRequest(NULL, Object(Config\Cache), false)
#6 C:\xampp\htdocs\TP1NavarroMilagros\index.php(37): CodeIgniter\CodeIgniter->run()
#7 {main}
CRITICAL - 2022-06-04 00:13:27 --> preg_match(): Compilation failed: missing closing parenthesis at offset 16
#0 [internal function]: CodeIgniter\Debug\Exceptions->errorHandler(2, 'preg_match(): C...', 'C:\\xampp\\htdocs...', 384, Array)
#1 C:\xampp\htdocs\TP1NavarroMilagros\system\Router\Router.php(384): preg_match('#^editar/([0-9]...', 'public/js/poope...', Array)
#2 C:\xampp\htdocs\TP1NavarroMilagros\system\Router\Router.php(154): CodeIgniter\Router\Router->checkRoutes('public/js/poope...')
#3 C:\xampp\htdocs\TP1NavarroMilagros\system\CodeIgniter.php(726): CodeIgniter\Router\Router->handle('public/js/poope...')
#4 C:\xampp\htdocs\TP1NavarroMilagros\system\CodeIgniter.php(368): CodeIgniter\CodeIgniter->tryToRouteIt(Object(CodeIgniter\Router\RouteCollection))
#5 C:\xampp\htdocs\TP1NavarroMilagros\system\CodeIgniter.php(326): CodeIgniter\CodeIgniter->handleRequest(NULL, Object(Config\Cache), false)
#6 C:\xampp\htdocs\TP1NavarroMilagros\index.php(37): CodeIgniter\CodeIgniter->run()
#7 {main}
CRITICAL - 2022-06-04 00:13:32 --> syntax error, unexpected '' (T_ENCAPSED_AND_WHITESPACE), expecting '-' or identifier (T_STRING) or variable (T_VARIABLE) or number (T_NUM_STRING)
#0 C:\xampp\htdocs\TP1NavarroMilagros\system\View\View.php(213): CodeIgniter\View\View->CodeIgniter\View\{closure}()
#1 C:\xampp\htdocs\TP1NavarroMilagros\system\Common.php(1089): CodeIgniter\View\View->render('back/usuario/us...', Array, true)
#2 C:\xampp\htdocs\TP1NavarroMilagros\app\Controllers\Usuario_crud_controller.php(13): view('back/usuario/us...', Array)
#3 C:\xampp\htdocs\TP1NavarroMilagros\system\CodeIgniter.php(832): App\Controllers\Usuario_crud_controller->index()
#4 C:\xampp\htdocs\TP1NavarroMilagros\system\CodeIgniter.php(419): CodeIgniter\CodeIgniter->runController(Object(App\Controllers\Usuario_crud_controller))
#5 C:\xampp\htdocs\TP1NavarroMilagros\system\CodeIgniter.php(326): CodeIgniter\CodeIgniter->handleRequest(NULL, Object(Config\Cache), false)
#6 C:\xampp\htdocs\TP1NavarroMilagros\index.php(37): CodeIgniter\CodeIgniter->run()
#7 {main}
CRITICAL - 2022-06-04 00:16:11 --> preg_match(): Compilation failed: missing closing parenthesis at offset 16
#0 [internal function]: CodeIgniter\Debug\Exceptions->errorHandler(2, 'preg_match(): C...', 'C:\\xampp\\htdocs...', 384, Array)
#1 C:\xampp\htdocs\TP1NavarroMilagros\system\Router\Router.php(384): preg_match('#^editar/([0-9]...', 'public/js/poope...', Array)
#2 C:\xampp\htdocs\TP1NavarroMilagros\system\Router\Router.php(154): CodeIgniter\Router\Router->checkRoutes('public/js/poope...')
#3 C:\xampp\htdocs\TP1NavarroMilagros\system\CodeIgniter.php(726): CodeIgniter\Router\Router->handle('public/js/poope...')
#4 C:\xampp\htdocs\TP1NavarroMilagros\system\CodeIgniter.php(368): CodeIgniter\CodeIgniter->tryToRouteIt(Object(CodeIgniter\Router\RouteCollection))
#5 C:\xampp\htdocs\TP1NavarroMilagros\system\CodeIgniter.php(326): CodeIgniter\CodeIgniter->handleRequest(NULL, Object(Config\Cache), false)
#6 C:\xampp\htdocs\TP1NavarroMilagros\index.php(37): CodeIgniter\CodeIgniter->run()
#7 {main}
CRITICAL - 2022-06-04 00:16:40 --> syntax error, unexpected '' (T_ENCAPSED_AND_WHITESPACE), expecting '-' or identifier (T_STRING) or variable (T_VARIABLE) or number (T_NUM_STRING)
#0 C:\xampp\htdocs\TP1NavarroMilagros\system\View\View.php(213): CodeIgniter\View\View->CodeIgniter\View\{closure}()
#1 C:\xampp\htdocs\TP1NavarroMilagros\system\Common.php(1089): CodeIgniter\View\View->render('back/usuario/us...', Array, true)
#2 C:\xampp\htdocs\TP1NavarroMilagros\app\Controllers\Usuario_crud_controller.php(13): view('back/usuario/us...', Array)
#3 C:\xampp\htdocs\TP1NavarroMilagros\system\CodeIgniter.php(832): App\Controllers\Usuario_crud_controller->index()
#4 C:\xampp\htdocs\TP1NavarroMilagros\system\CodeIgniter.php(419): CodeIgniter\CodeIgniter->runController(Object(App\Controllers\Usuario_crud_controller))
#5 C:\xampp\htdocs\TP1NavarroMilagros\system\CodeIgniter.php(326): CodeIgniter\CodeIgniter->handleRequest(NULL, Object(Config\Cache), false)
#6 C:\xampp\htdocs\TP1NavarroMilagros\index.php(37): CodeIgniter\CodeIgniter->run()
#7 {main}
CRITICAL - 2022-06-04 00:17:21 --> syntax error, unexpected '' (T_ENCAPSED_AND_WHITESPACE), expecting '-' or identifier (T_STRING) or variable (T_VARIABLE) or number (T_NUM_STRING)
#0 C:\xampp\htdocs\TP1NavarroMilagros\system\View\View.php(213): CodeIgniter\View\View->CodeIgniter\View\{closure}()
#1 C:\xampp\htdocs\TP1NavarroMilagros\system\Common.php(1089): CodeIgniter\View\View->render('back/usuario/us...', Array, true)
#2 C:\xampp\htdocs\TP1NavarroMilagros\app\Controllers\Usuario_crud_controller.php(13): view('back/usuario/us...', Array)
#3 C:\xampp\htdocs\TP1NavarroMilagros\system\CodeIgniter.php(832): App\Controllers\Usuario_crud_controller->index()
#4 C:\xampp\htdocs\TP1NavarroMilagros\system\CodeIgniter.php(419): CodeIgniter\CodeIgniter->runController(Object(App\Controllers\Usuario_crud_controller))
#5 C:\xampp\htdocs\TP1NavarroMilagros\system\CodeIgniter.php(326): CodeIgniter\CodeIgniter->handleRequest(NULL, Object(Config\Cache), false)
#6 C:\xampp\htdocs\TP1NavarroMilagros\index.php(37): CodeIgniter\CodeIgniter->run()
#7 {main}
CRITICAL - 2022-06-04 00:17:23 --> syntax error, unexpected '' (T_ENCAPSED_AND_WHITESPACE), expecting '-' or identifier (T_STRING) or variable (T_VARIABLE) or number (T_NUM_STRING)
#0 C:\xampp\htdocs\TP1NavarroMilagros\system\View\View.php(213): CodeIgniter\View\View->CodeIgniter\View\{closure}()
#1 C:\xampp\htdocs\TP1NavarroMilagros\system\Common.php(1089): CodeIgniter\View\View->render('back/usuario/us...', Array, true)
#2 C:\xampp\htdocs\TP1NavarroMilagros\app\Controllers\Usuario_crud_controller.php(13): view('back/usuario/us...', Array)
#3 C:\xampp\htdocs\TP1NavarroMilagros\system\CodeIgniter.php(832): App\Controllers\Usuario_crud_controller->index()
#4 C:\xampp\htdocs\TP1NavarroMilagros\system\CodeIgniter.php(419): CodeIgniter\CodeIgniter->runController(Object(App\Controllers\Usuario_crud_controller))
#5 C:\xampp\htdocs\TP1NavarroMilagros\system\CodeIgniter.php(326): CodeIgniter\CodeIgniter->handleRequest(NULL, Object(Config\Cache), false)
#6 C:\xampp\htdocs\TP1NavarroMilagros\index.php(37): CodeIgniter\CodeIgniter->run()
#7 {main}
CRITICAL - 2022-06-04 00:18:17 --> Trying to get property 'id' of non-object
#0 C:\xampp\htdocs\TP1NavarroMilagros\app\Views\back\usuario\usuario_crud_view.php(50): CodeIgniter\Debug\Exceptions->errorHandler(8, 'Trying to get p...', 'C:\\xampp\\htdocs...', 50, Array)
#1 C:\xampp\htdocs\TP1NavarroMilagros\system\View\View.php(210): include('C:\\xampp\\htdocs...')
#2 C:\xampp\htdocs\TP1NavarroMilagros\system\View\View.php(213): CodeIgniter\View\View->CodeIgniter\View\{closure}()
#3 C:\xampp\htdocs\TP1NavarroMilagros\system\Common.php(1089): CodeIgniter\View\View->render('back/usuario/us...', Array, true)
#4 C:\xampp\htdocs\TP1NavarroMilagros\app\Controllers\Usuario_crud_controller.php(13): view('back/usuario/us...', Array)
#5 C:\xampp\htdocs\TP1NavarroMilagros\system\CodeIgniter.php(832): App\Controllers\Usuario_crud_controller->index()
#6 C:\xampp\htdocs\TP1NavarroMilagros\system\CodeIgniter.php(419): CodeIgniter\CodeIgniter->runController(Object(App\Controllers\Usuario_crud_controller))
#7 C:\xampp\htdocs\TP1NavarroMilagros\system\CodeIgniter.php(326): CodeIgniter\CodeIgniter->handleRequest(NULL, Object(Config\Cache), false)
#8 C:\xampp\htdocs\TP1NavarroMilagros\index.php(37): CodeIgniter\CodeIgniter->run()
#9 {main}
CRITICAL - 2022-06-04 00:19:07 --> syntax error, unexpected '' (T_ENCAPSED_AND_WHITESPACE), expecting '-' or identifier (T_STRING) or variable (T_VARIABLE) or number (T_NUM_STRING)
#0 C:\xampp\htdocs\TP1NavarroMilagros\system\View\View.php(213): CodeIgniter\View\View->CodeIgniter\View\{closure}()
#1 C:\xampp\htdocs\TP1NavarroMilagros\system\Common.php(1089): CodeIgniter\View\View->render('back/usuario/us...', Array, true)
#2 C:\xampp\htdocs\TP1NavarroMilagros\app\Controllers\Usuario_crud_controller.php(13): view('back/usuario/us...', Array)
#3 C:\xampp\htdocs\TP1NavarroMilagros\system\CodeIgniter.php(832): App\Controllers\Usuario_crud_controller->index()
#4 C:\xampp\htdocs\TP1NavarroMilagros\system\CodeIgniter.php(419): CodeIgniter\CodeIgniter->runController(Object(App\Controllers\Usuario_crud_controller))
#5 C:\xampp\htdocs\TP1NavarroMilagros\system\CodeIgniter.php(326): CodeIgniter\CodeIgniter->handleRequest(NULL, Object(Config\Cache), false)
#6 C:\xampp\htdocs\TP1NavarroMilagros\index.php(37): CodeIgniter\CodeIgniter->run()
#7 {main}
CRITICAL - 2022-06-04 00:19:40 --> Array to string conversion
#0 C:\xampp\htdocs\TP1NavarroMilagros\app\Views\back\usuario\usuario_crud_view.php(50): CodeIgniter\Debug\Exceptions->errorHandler(8, 'Array to string...', 'C:\\xampp\\htdocs...', 50, Array)
#1 C:\xampp\htdocs\TP1NavarroMilagros\system\View\View.php(210): include('C:\\xampp\\htdocs...')
#2 C:\xampp\htdocs\TP1NavarroMilagros\system\View\View.php(213): CodeIgniter\View\View->CodeIgniter\View\{closure}()
#3 C:\xampp\htdocs\TP1NavarroMilagros\system\Common.php(1089): CodeIgniter\View\View->render('back/usuario/us...', Array, true)
#4 C:\xampp\htdocs\TP1NavarroMilagros\app\Controllers\Usuario_crud_controller.php(13): view('back/usuario/us...', Array)
#5 C:\xampp\htdocs\TP1NavarroMilagros\system\CodeIgniter.php(832): App\Controllers\Usuario_crud_controller->index()
#6 C:\xampp\htdocs\TP1NavarroMilagros\system\CodeIgniter.php(419): CodeIgniter\CodeIgniter->runController(Object(App\Controllers\Usuario_crud_controller))
#7 C:\xampp\htdocs\TP1NavarroMilagros\system\CodeIgniter.php(326): CodeIgniter\CodeIgniter->handleRequest(NULL, Object(Config\Cache), false)
#8 C:\xampp\htdocs\TP1NavarroMilagros\index.php(37): CodeIgniter\CodeIgniter->run()
#9 {main}
CRITICAL - 2022-06-04 00:19:41 --> Array to string conversion
#0 C:\xampp\htdocs\TP1NavarroMilagros\app\Views\back\usuario\usuario_crud_view.php(50): CodeIgniter\Debug\Exceptions->errorHandler(8, 'Array to string...', 'C:\\xampp\\htdocs...', 50, Array)
#1 C:\xampp\htdocs\TP1NavarroMilagros\system\View\View.php(210): include('C:\\xampp\\htdocs...')
#2 C:\xampp\htdocs\TP1NavarroMilagros\system\View\View.php(213): CodeIgniter\View\View->CodeIgniter\View\{closure}()
#3 C:\xampp\htdocs\TP1NavarroMilagros\system\Common.php(1089): CodeIgniter\View\View->render('back/usuario/us...', Array, true)
#4 C:\xampp\htdocs\TP1NavarroMilagros\app\Controllers\Usuario_crud_controller.php(13): view('back/usuario/us...', Array)
#5 C:\xampp\htdocs\TP1NavarroMilagros\system\CodeIgniter.php(832): App\Controllers\Usuario_crud_controller->index()
#6 C:\xampp\htdocs\TP1NavarroMilagros\system\CodeIgniter.php(419): CodeIgniter\CodeIgniter->runController(Object(App\Controllers\Usuario_crud_controller))
#7 C:\xampp\htdocs\TP1NavarroMilagros\system\CodeIgniter.php(326): CodeIgniter\CodeIgniter->handleRequest(NULL, Object(Config\Cache), false)
#8 C:\xampp\htdocs\TP1NavarroMilagros\index.php(37): CodeIgniter\CodeIgniter->run()
#9 {main}
CRITICAL - 2022-06-04 00:20:32 --> Array to string conversion
#0 C:\xampp\htdocs\TP1NavarroMilagros\app\Views\back\usuario\usuario_crud_view.php(50): CodeIgniter\Debug\Exceptions->errorHandler(8, 'Array to string...', 'C:\\xampp\\htdocs...', 50, Array)
#1 C:\xampp\htdocs\TP1NavarroMilagros\system\View\View.php(210): include('C:\\xampp\\htdocs...')
#2 C:\xampp\htdocs\TP1NavarroMilagros\system\View\View.php(213): CodeIgniter\View\View->CodeIgniter\View\{closure}()
#3 C:\xampp\htdocs\TP1NavarroMilagros\system\Common.php(1089): CodeIgniter\View\View->render('back/usuario/us...', Array, true)
#4 C:\xampp\htdocs\TP1NavarroMilagros\app\Controllers\Usuario_crud_controller.php(13): view('back/usuario/us...', Array)
#5 C:\xampp\htdocs\TP1NavarroMilagros\system\CodeIgniter.php(832): App\Controllers\Usuario_crud_controller->index()
#6 C:\xampp\htdocs\TP1NavarroMilagros\system\CodeIgniter.php(419): CodeIgniter\CodeIgniter->runController(Object(App\Controllers\Usuario_crud_controller))
#7 C:\xampp\htdocs\TP1NavarroMilagros\system\CodeIgniter.php(326): CodeIgniter\CodeIgniter->handleRequest(NULL, Object(Config\Cache), false)
#8 C:\xampp\htdocs\TP1NavarroMilagros\index.php(37): CodeIgniter\CodeIgniter->run()
#9 {main}
CRITICAL - 2022-06-04 00:20:49 --> Array to string conversion
#0 C:\xampp\htdocs\TP1NavarroMilagros\app\Views\back\usuario\usuario_crud_view.php(50): CodeIgniter\Debug\Exceptions->errorHandler(8, 'Array to string...', 'C:\\xampp\\htdocs...', 50, Array)
#1 C:\xampp\htdocs\TP1NavarroMilagros\system\View\View.php(210): include('C:\\xampp\\htdocs...')
#2 C:\xampp\htdocs\TP1NavarroMilagros\system\View\View.php(213): CodeIgniter\View\View->CodeIgniter\View\{closure}()
#3 C:\xampp\htdocs\TP1NavarroMilagros\system\Common.php(1089): CodeIgniter\View\View->render('back/usuario/us...', Array, true)
#4 C:\xampp\htdocs\TP1NavarroMilagros\app\Controllers\Usuario_crud_controller.php(13): view('back/usuario/us...', Array)
#5 C:\xampp\htdocs\TP1NavarroMilagros\system\CodeIgniter.php(832): App\Controllers\Usuario_crud_controller->index()
#6 C:\xampp\htdocs\TP1NavarroMilagros\system\CodeIgniter.php(419): CodeIgniter\CodeIgniter->runController(Object(App\Controllers\Usuario_crud_controller))
#7 C:\xampp\htdocs\TP1NavarroMilagros\system\CodeIgniter.php(326): CodeIgniter\CodeIgniter->handleRequest(NULL, Object(Config\Cache), false)
#8 C:\xampp\htdocs\TP1NavarroMilagros\index.php(37): CodeIgniter\CodeIgniter->run()
#9 {main}
CRITICAL - 2022-06-04 00:21:59 --> Array to string conversion
#0 C:\xampp\htdocs\TP1NavarroMilagros\app\Views\back\usuario\usuario_crud_view.php(50): CodeIgniter\Debug\Exceptions->errorHandler(8, 'Array to string...', 'C:\\xampp\\htdocs...', 50, Array)
#1 C:\xampp\htdocs\TP1NavarroMilagros\system\View\View.php(210): include('C:\\xampp\\htdocs...')
#2 C:\xampp\htdocs\TP1NavarroMilagros\system\View\View.php(213): CodeIgniter\View\View->CodeIgniter\View\{closure}()
#3 C:\xampp\htdocs\TP1NavarroMilagros\system\Common.php(1089): CodeIgniter\View\View->render('back/usuario/us...', Array, true)
#4 C:\xampp\htdocs\TP1NavarroMilagros\app\Controllers\Usuario_crud_controller.php(13): view('back/usuario/us...', Array)
#5 C:\xampp\htdocs\TP1NavarroMilagros\system\CodeIgniter.php(832): App\Controllers\Usuario_crud_controller->index()
#6 C:\xampp\htdocs\TP1NavarroMilagros\system\CodeIgniter.php(419): CodeIgniter\CodeIgniter->runController(Object(App\Controllers\Usuario_crud_controller))
#7 C:\xampp\htdocs\TP1NavarroMilagros\system\CodeIgniter.php(326): CodeIgniter\CodeIgniter->handleRequest(NULL, Object(Config\Cache), false)
#8 C:\xampp\htdocs\TP1NavarroMilagros\index.php(37): CodeIgniter\CodeIgniter->run()
#9 {main}
CRITICAL - 2022-06-04 00:22:29 --> syntax error, unexpected '' (T_ENCAPSED_AND_WHITESPACE), expecting '-' or identifier (T_STRING) or variable (T_VARIABLE) or number (T_NUM_STRING)
#0 C:\xampp\htdocs\TP1NavarroMilagros\system\View\View.php(213): CodeIgniter\View\View->CodeIgniter\View\{closure}()
#1 C:\xampp\htdocs\TP1NavarroMilagros\system\Common.php(1089): CodeIgniter\View\View->render('back/usuario/us...', Array, true)
#2 C:\xampp\htdocs\TP1NavarroMilagros\app\Controllers\Usuario_crud_controller.php(13): view('back/usuario/us...', Array)
#3 C:\xampp\htdocs\TP1NavarroMilagros\system\CodeIgniter.php(832): App\Controllers\Usuario_crud_controller->index()
#4 C:\xampp\htdocs\TP1NavarroMilagros\system\CodeIgniter.php(419): CodeIgniter\CodeIgniter->runController(Object(App\Controllers\Usuario_crud_controller))
#5 C:\xampp\htdocs\TP1NavarroMilagros\system\CodeIgniter.php(326): CodeIgniter\CodeIgniter->handleRequest(NULL, Object(Config\Cache), false)
#6 C:\xampp\htdocs\TP1NavarroMilagros\index.php(37): CodeIgniter\CodeIgniter->run()
#7 {main}
CRITICAL - 2022-06-04 00:43:02 --> preg_match(): Compilation failed: missing closing parenthesis at offset 16
#0 [internal function]: CodeIgniter\Debug\Exceptions->errorHandler(2, 'preg_match(): C...', 'C:\\xampp\\htdocs...', 384, Array)
#1 C:\xampp\htdocs\TP1NavarroMilagros\system\Router\Router.php(384): preg_match('#^editar/([0-9]...', 'public/js/poope...', Array)
#2 C:\xampp\htdocs\TP1NavarroMilagros\system\Router\Router.php(154): CodeIgniter\Router\Router->checkRoutes('public/js/poope...')
#3 C:\xampp\htdocs\TP1NavarroMilagros\system\CodeIgniter.php(726): CodeIgniter\Router\Router->handle('public/js/poope...')
#4 C:\xampp\htdocs\TP1NavarroMilagros\system\CodeIgniter.php(368): CodeIgniter\CodeIgniter->tryToRouteIt(Object(CodeIgniter\Router\RouteCollection))
#5 C:\xampp\htdocs\TP1NavarroMilagros\system\CodeIgniter.php(326): CodeIgniter\CodeIgniter->handleRequest(NULL, Object(Config\Cache), false)
#6 C:\xampp\htdocs\TP1NavarroMilagros\index.php(37): CodeIgniter\CodeIgniter->run()
#7 {main}
CRITICAL - 2022-06-04 01:14:27 --> preg_match(): Compilation failed: missing closing parenthesis at offset 16
#0 [internal function]: CodeIgniter\Debug\Exceptions->errorHandler(2, 'preg_match(): C...', 'C:\\xampp\\htdocs...', 384, Array)
#1 C:\xampp\htdocs\TP1NavarroMilagros\system\Router\Router.php(384): preg_match('#^editar/([0-9]...', 'public/js/poope...', Array)
#2 C:\xampp\htdocs\TP1NavarroMilagros\system\Router\Router.php(154): CodeIgniter\Router\Router->checkRoutes('public/js/poope...')
#3 C:\xampp\htdocs\TP1NavarroMilagros\system\CodeIgniter.php(726): CodeIgniter\Router\Router->handle('public/js/poope...')
#4 C:\xampp\htdocs\TP1NavarroMilagros\system\CodeIgniter.php(368): CodeIgniter\CodeIgniter->tryToRouteIt(Object(CodeIgniter\Router\RouteCollection))
#5 C:\xampp\htdocs\TP1NavarroMilagros\system\CodeIgniter.php(326): CodeIgniter\CodeIgniter->handleRequest(NULL, Object(Config\Cache), false)
#6 C:\xampp\htdocs\TP1NavarroMilagros\index.php(37): CodeIgniter\CodeIgniter->run()
#7 {main}
CRITICAL - 2022-06-04 01:16:05 --> preg_match(): Compilation failed: missing closing parenthesis at offset 16
#0 [internal function]: CodeIgniter\Debug\Exceptions->errorHandler(2, 'preg_match(): C...', 'C:\\xampp\\htdocs...', 384, Array)
#1 C:\xampp\htdocs\TP1NavarroMilagros\system\Router\Router.php(384): preg_match('#^editar/([0-9]...', 'public/js/poope...', Array)
#2 C:\xampp\htdocs\TP1NavarroMilagros\system\Router\Router.php(154): CodeIgniter\Router\Router->checkRoutes('public/js/poope...')
#3 C:\xampp\htdocs\TP1NavarroMilagros\system\CodeIgniter.php(726): CodeIgniter\Router\Router->handle('public/js/poope...')
#4 C:\xampp\htdocs\TP1NavarroMilagros\system\CodeIgniter.php(368): CodeIgniter\CodeIgniter->tryToRouteIt(Object(CodeIgniter\Router\RouteCollection))
#5 C:\xampp\htdocs\TP1NavarroMilagros\system\CodeIgniter.php(326): CodeIgniter\CodeIgniter->handleRequest(NULL, Object(Config\Cache), false)
#6 C:\xampp\htdocs\TP1NavarroMilagros\index.php(37): CodeIgniter\CodeIgniter->run()
#7 {main}
CRITICAL - 2022-06-04 01:17:54 --> preg_match(): Compilation failed: missing closing parenthesis at offset 16
#0 [internal function]: CodeIgniter\Debug\Exceptions->errorHandler(2, 'preg_match(): C...', 'C:\\xampp\\htdocs...', 384, Array)
#1 C:\xampp\htdocs\TP1NavarroMilagros\system\Router\Router.php(384): preg_match('#^editar/([0-9]...', 'public/js/poope...', Array)
#2 C:\xampp\htdocs\TP1NavarroMilagros\system\Router\Router.php(154): CodeIgniter\Router\Router->checkRoutes('public/js/poope...')
#3 C:\xampp\htdocs\TP1NavarroMilagros\system\CodeIgniter.php(726): CodeIgniter\Router\Router->handle('public/js/poope...')
#4 C:\xampp\htdocs\TP1NavarroMilagros\system\CodeIgniter.php(368): CodeIgniter\CodeIgniter->tryToRouteIt(Object(CodeIgniter\Router\RouteCollection))
#5 C:\xampp\htdocs\TP1NavarroMilagros\system\CodeIgniter.php(326): CodeIgniter\CodeIgniter->handleRequest(NULL, Object(Config\Cache), false)
#6 C:\xampp\htdocs\TP1NavarroMilagros\index.php(37): CodeIgniter\CodeIgniter->run()
#7 {main}
CRITICAL - 2022-06-04 01:19:30 --> preg_match(): Compilation failed: missing closing parenthesis at offset 16
#0 [internal function]: CodeIgniter\Debug\Exceptions->errorHandler(2, 'preg_match(): C...', 'C:\\xampp\\htdocs...', 384, Array)
#1 C:\xampp\htdocs\TP1NavarroMilagros\system\Router\Router.php(384): preg_match('#^editar/([0-9]...', 'public/js/poope...', Array)
#2 C:\xampp\htdocs\TP1NavarroMilagros\system\Router\Router.php(154): CodeIgniter\Router\Router->checkRoutes('public/js/poope...')
#3 C:\xampp\htdocs\TP1NavarroMilagros\system\CodeIgniter.php(726): CodeIgniter\Router\Router->handle('public/js/poope...')
#4 C:\xampp\htdocs\TP1NavarroMilagros\system\CodeIgniter.php(368): CodeIgniter\CodeIgniter->tryToRouteIt(Object(CodeIgniter\Router\RouteCollection))
#5 C:\xampp\htdocs\TP1NavarroMilagros\system\CodeIgniter.php(326): CodeIgniter\CodeIgniter->handleRequest(NULL, Object(Config\Cache), false)
#6 C:\xampp\htdocs\TP1NavarroMilagros\index.php(37): CodeIgniter\CodeIgniter->run()
#7 {main}
CRITICAL - 2022-06-04 01:20:24 --> preg_match(): Compilation failed: missing closing parenthesis at offset 16
#0 [internal function]: CodeIgniter\Debug\Exceptions->errorHandler(2, 'preg_match(): C...', 'C:\\xampp\\htdocs...', 384, Array)
#1 C:\xampp\htdocs\TP1NavarroMilagros\system\Router\Router.php(384): preg_match('#^editar/([0-9]...', 'public/js/poope...', Array)
#2 C:\xampp\htdocs\TP1NavarroMilagros\system\Router\Router.php(154): CodeIgniter\Router\Router->checkRoutes('public/js/poope...')
#3 C:\xampp\htdocs\TP1NavarroMilagros\system\CodeIgniter.php(726): CodeIgniter\Router\Router->handle('public/js/poope...')
#4 C:\xampp\htdocs\TP1NavarroMilagros\system\CodeIgniter.php(368): CodeIgniter\CodeIgniter->tryToRouteIt(Object(CodeIgniter\Router\RouteCollection))
#5 C:\xampp\htdocs\TP1NavarroMilagros\system\CodeIgniter.php(326): CodeIgniter\CodeIgniter->handleRequest(NULL, Object(Config\Cache), false)
#6 C:\xampp\htdocs\TP1NavarroMilagros\index.php(37): CodeIgniter\CodeIgniter->run()
#7 {main}
CRITICAL - 2022-06-04 01:20:45 --> preg_match(): Compilation failed: missing closing parenthesis at offset 16
#0 [internal function]: CodeIgniter\Debug\Exceptions->errorHandler(2, 'preg_match(): C...', 'C:\\xampp\\htdocs...', 384, Array)
#1 C:\xampp\htdocs\TP1NavarroMilagros\system\Router\Router.php(384): preg_match('#^editar/([0-9]...', 'update.php', Array)
#2 C:\xampp\htdocs\TP1NavarroMilagros\system\Router\Router.php(154): CodeIgniter\Router\Router->checkRoutes('update.php')
#3 C:\xampp\htdocs\TP1NavarroMilagros\system\CodeIgniter.php(726): CodeIgniter\Router\Router->handle('update.php')
#4 C:\xampp\htdocs\TP1NavarroMilagros\system\CodeIgniter.php(368): CodeIgniter\CodeIgniter->tryToRouteIt(Object(CodeIgniter\Router\RouteCollection))
#5 C:\xampp\htdocs\TP1NavarroMilagros\system\CodeIgniter.php(326): CodeIgniter\CodeIgniter->handleRequest(NULL, Object(Config\Cache), false)
#6 C:\xampp\htdocs\TP1NavarroMilagros\index.php(37): CodeIgniter\CodeIgniter->run()
#7 {main}
CRITICAL - 2022-06-04 01:22:29 --> preg_match(): Compilation failed: missing closing parenthesis at offset 16
#0 [internal function]: CodeIgniter\Debug\Exceptions->errorHandler(2, 'preg_match(): C...', 'C:\\xampp\\htdocs...', 384, Array)
#1 C:\xampp\htdocs\TP1NavarroMilagros\system\Router\Router.php(384): preg_match('#^editar/([0-9]...', 'update.php', Array)
#2 C:\xampp\htdocs\TP1NavarroMilagros\system\Router\Router.php(154): CodeIgniter\Router\Router->checkRoutes('update.php')
#3 C:\xampp\htdocs\TP1NavarroMilagros\system\CodeIgniter.php(726): CodeIgniter\Router\Router->handle('update.php')
#4 C:\xampp\htdocs\TP1NavarroMilagros\system\CodeIgniter.php(368): CodeIgniter\CodeIgniter->tryToRouteIt(Object(CodeIgniter\Router\RouteCollection))
#5 C:\xampp\htdocs\TP1NavarroMilagros\system\CodeIgniter.php(326): CodeIgniter\CodeIgniter->handleRequest(NULL, Object(Config\Cache), false)
#6 C:\xampp\htdocs\TP1NavarroMilagros\index.php(37): CodeIgniter\CodeIgniter->run()
#7 {main}
CRITICAL - 2022-06-04 01:22:32 --> preg_match(): Compilation failed: missing closing parenthesis at offset 16
#0 [internal function]: CodeIgniter\Debug\Exceptions->errorHandler(2, 'preg_match(): C...', 'C:\\xampp\\htdocs...', 384, Array)
#1 C:\xampp\htdocs\TP1NavarroMilagros\system\Router\Router.php(384): preg_match('#^editar/([0-9]...', 'update.php', Array)
#2 C:\xampp\htdocs\TP1NavarroMilagros\system\Router\Router.php(154): CodeIgniter\Router\Router->checkRoutes('update.php')
#3 C:\xampp\htdocs\TP1NavarroMilagros\system\CodeIgniter.php(726): CodeIgniter\Router\Router->handle('update.php')
#4 C:\xampp\htdocs\TP1NavarroMilagros\system\CodeIgniter.php(368): CodeIgniter\CodeIgniter->tryToRouteIt(Object(CodeIgniter\Router\RouteCollection))
#5 C:\xampp\htdocs\TP1NavarroMilagros\system\CodeIgniter.php(326): CodeIgniter\CodeIgniter->handleRequest(NULL, Object(Config\Cache), false)
#6 C:\xampp\htdocs\TP1NavarroMilagros\index.php(37): CodeIgniter\CodeIgniter->run()
#7 {main}
CRITICAL - 2022-06-04 01:22:36 --> preg_match(): Compilation failed: missing closing parenthesis at offset 16
#0 [internal function]: CodeIgniter\Debug\Exceptions->errorHandler(2, 'preg_match(): C...', 'C:\\xampp\\htdocs...', 384, Array)
#1 C:\xampp\htdocs\TP1NavarroMilagros\system\Router\Router.php(384): preg_match('#^editar/([0-9]...', 'public/js/poope...', Array)
#2 C:\xampp\htdocs\TP1NavarroMilagros\system\Router\Router.php(154): CodeIgniter\Router\Router->checkRoutes('public/js/poope...')
#3 C:\xampp\htdocs\TP1NavarroMilagros\system\CodeIgniter.php(726): CodeIgniter\Router\Router->handle('public/js/poope...')
#4 C:\xampp\htdocs\TP1NavarroMilagros\system\CodeIgniter.php(368): CodeIgniter\CodeIgniter->tryToRouteIt(Object(CodeIgniter\Router\RouteCollection))
#5 C:\xampp\htdocs\TP1NavarroMilagros\system\CodeIgniter.php(326): CodeIgniter\CodeIgniter->handleRequest(NULL, Object(Config\Cache), false)
#6 C:\xampp\htdocs\TP1NavarroMilagros\index.php(37): CodeIgniter\CodeIgniter->run()
#7 {main}
CRITICAL - 2022-06-04 01:29:54 --> Undefined variable: row
#0 C:\xampp\htdocs\TP1NavarroMilagros\app\Views\back\usuario\usuario_crud_view.php(50): CodeIgniter\Debug\Exceptions->errorHandler(8, 'Undefined varia...', 'C:\\xampp\\htdocs...', 50, Array)
#1 C:\xampp\htdocs\TP1NavarroMilagros\system\View\View.php(210): include('C:\\xampp\\htdocs...')
#2 C:\xampp\htdocs\TP1NavarroMilagros\system\View\View.php(213): CodeIgniter\View\View->CodeIgniter\View\{closure}()
#3 C:\xampp\htdocs\TP1NavarroMilagros\system\Common.php(1089): CodeIgniter\View\View->render('back/usuario/us...', Array, true)
#4 C:\xampp\htdocs\TP1NavarroMilagros\app\Controllers\Usuario_crud_controller.php(13): view('back/usuario/us...', Array)
#5 C:\xampp\htdocs\TP1NavarroMilagros\system\CodeIgniter.php(832): App\Controllers\Usuario_crud_controller->index()
#6 C:\xampp\htdocs\TP1NavarroMilagros\system\CodeIgniter.php(419): CodeIgniter\CodeIgniter->runController(Object(App\Controllers\Usuario_crud_controller))
#7 C:\xampp\htdocs\TP1NavarroMilagros\system\CodeIgniter.php(326): CodeIgniter\CodeIgniter->handleRequest(NULL, Object(Config\Cache), false)
#8 C:\xampp\htdocs\TP1NavarroMilagros\index.php(37): CodeIgniter\CodeIgniter->run()
#9 {main}
CRITICAL - 2022-06-04 01:30:14 --> preg_match(): Compilation failed: missing closing parenthesis at offset 16
#0 [internal function]: CodeIgniter\Debug\Exceptions->errorHandler(2, 'preg_match(): C...', 'C:\\xampp\\htdocs...', 384, Array)
#1 C:\xampp\htdocs\TP1NavarroMilagros\system\Router\Router.php(384): preg_match('#^editar/([0-9]...', 'public/js/poope...', Array)
#2 C:\xampp\htdocs\TP1NavarroMilagros\system\Router\Router.php(154): CodeIgniter\Router\Router->checkRoutes('public/js/poope...')
#3 C:\xampp\htdocs\TP1NavarroMilagros\system\CodeIgniter.php(726): CodeIgniter\Router\Router->handle('public/js/poope...')
#4 C:\xampp\htdocs\TP1NavarroMilagros\system\CodeIgniter.php(368): CodeIgniter\CodeIgniter->tryToRouteIt(Object(CodeIgniter\Router\RouteCollection))
#5 C:\xampp\htdocs\TP1NavarroMilagros\system\CodeIgniter.php(326): CodeIgniter\CodeIgniter->handleRequest(NULL, Object(Config\Cache), false)
#6 C:\xampp\htdocs\TP1NavarroMilagros\index.php(37): CodeIgniter\CodeIgniter->run()
#7 {main}
CRITICAL - 2022-06-04 01:30:19 --> preg_match(): Compilation failed: missing closing parenthesis at offset 16
#0 [internal function]: CodeIgniter\Debug\Exceptions->errorHandler(2, 'preg_match(): C...', 'C:\\xampp\\htdocs...', 384, Array)
#1 C:\xampp\htdocs\TP1NavarroMilagros\system\Router\Router.php(384): preg_match('#^editar/([0-9]...', 'update.php', Array)
#2 C:\xampp\htdocs\TP1NavarroMilagros\system\Router\Router.php(154): CodeIgniter\Router\Router->checkRoutes('update.php')
#3 C:\xampp\htdocs\TP1NavarroMilagros\system\CodeIgniter.php(726): CodeIgniter\Router\Router->handle('update.php')
#4 C:\xampp\htdocs\TP1NavarroMilagros\system\CodeIgniter.php(368): CodeIgniter\CodeIgniter->tryToRouteIt(Object(CodeIgniter\Router\RouteCollection))
#5 C:\xampp\htdocs\TP1NavarroMilagros\system\CodeIgniter.php(326): CodeIgniter\CodeIgniter->handleRequest(NULL, Object(Config\Cache), false)
#6 C:\xampp\htdocs\TP1NavarroMilagros\index.php(37): CodeIgniter\CodeIgniter->run()
#7 {main}
CRITICAL - 2022-06-04 01:33:17 --> preg_match(): Compilation failed: missing closing parenthesis at offset 16
#0 [internal function]: CodeIgniter\Debug\Exceptions->errorHandler(2, 'preg_match(): C...', 'C:\\xampp\\htdocs...', 384, Array)
#1 C:\xampp\htdocs\TP1NavarroMilagros\system\Router\Router.php(384): preg_match('#^editar/([0-9]...', 'update.php', Array)
#2 C:\xampp\htdocs\TP1NavarroMilagros\system\Router\Router.php(154): CodeIgniter\Router\Router->checkRoutes('update.php')
#3 C:\xampp\htdocs\TP1NavarroMilagros\system\CodeIgniter.php(726): CodeIgniter\Router\Router->handle('update.php')
#4 C:\xampp\htdocs\TP1NavarroMilagros\system\CodeIgniter.php(368): CodeIgniter\CodeIgniter->tryToRouteIt(Object(CodeIgniter\Router\RouteCollection))
#5 C:\xampp\htdocs\TP1NavarroMilagros\system\CodeIgniter.php(326): CodeIgniter\CodeIgniter->handleRequest(NULL, Object(Config\Cache), false)
#6 C:\xampp\htdocs\TP1NavarroMilagros\index.php(37): CodeIgniter\CodeIgniter->run()
#7 {main}
CRITICAL - 2022-06-04 01:43:19 --> preg_match(): Compilation failed: missing closing parenthesis at offset 16
#0 [internal function]: CodeIgniter\Debug\Exceptions->errorHandler(2, 'preg_match(): C...', 'C:\\xampp\\htdocs...', 384, Array)
#1 C:\xampp\htdocs\TP1NavarroMilagros\system\Router\Router.php(384): preg_match('#^editar/([0-9]...', 'update.php', Array)
#2 C:\xampp\htdocs\TP1NavarroMilagros\system\Router\Router.php(154): CodeIgniter\Router\Router->checkRoutes('update.php')
#3 C:\xampp\htdocs\TP1NavarroMilagros\system\CodeIgniter.php(726): CodeIgniter\Router\Router->handle('update.php')
#4 C:\xampp\htdocs\TP1NavarroMilagros\system\CodeIgniter.php(368): CodeIgniter\CodeIgniter->tryToRouteIt(Object(CodeIgniter\Router\RouteCollection))
#5 C:\xampp\htdocs\TP1NavarroMilagros\system\CodeIgniter.php(326): CodeIgniter\CodeIgniter->handleRequest(NULL, Object(Config\Cache), false)
#6 C:\xampp\htdocs\TP1NavarroMilagros\index.php(37): CodeIgniter\CodeIgniter->run()
#7 {main}
CRITICAL - 2022-06-04 01:43:25 --> preg_match(): Compilation failed: missing closing parenthesis at offset 16
#0 [internal function]: CodeIgniter\Debug\Exceptions->errorHandler(2, 'preg_match(): C...', 'C:\\xampp\\htdocs...', 384, Array)
#1 C:\xampp\htdocs\TP1NavarroMilagros\system\Router\Router.php(384): preg_match('#^editar/([0-9]...', 'public/js/poope...', Array)
#2 C:\xampp\htdocs\TP1NavarroMilagros\system\Router\Router.php(154): CodeIgniter\Router\Router->checkRoutes('public/js/poope...')
#3 C:\xampp\htdocs\TP1NavarroMilagros\system\CodeIgniter.php(726): CodeIgniter\Router\Router->handle('public/js/poope...')
#4 C:\xampp\htdocs\TP1NavarroMilagros\system\CodeIgniter.php(368): CodeIgniter\CodeIgniter->tryToRouteIt(Object(CodeIgniter\Router\RouteCollection))
#5 C:\xampp\htdocs\TP1NavarroMilagros\system\CodeIgniter.php(326): CodeIgniter\CodeIgniter->handleRequest(NULL, Object(Config\Cache), false)
#6 C:\xampp\htdocs\TP1NavarroMilagros\index.php(37): CodeIgniter\CodeIgniter->run()
#7 {main}
CRITICAL - 2022-06-04 01:43:43 --> preg_match(): Compilation failed: missing closing parenthesis at offset 16
#0 [internal function]: CodeIgniter\Debug\Exceptions->errorHandler(2, 'preg_match(): C...', 'C:\\xampp\\htdocs...', 384, Array)
#1 C:\xampp\htdocs\TP1NavarroMilagros\system\Router\Router.php(384): preg_match('#^editar/([0-9]...', 'update.php', Array)
#2 C:\xampp\htdocs\TP1NavarroMilagros\system\Router\Router.php(154): CodeIgniter\Router\Router->checkRoutes('update.php')
#3 C:\xampp\htdocs\TP1NavarroMilagros\system\CodeIgniter.php(726): CodeIgniter\Router\Router->handle('update.php')
#4 C:\xampp\htdocs\TP1NavarroMilagros\system\CodeIgniter.php(368): CodeIgniter\CodeIgniter->tryToRouteIt(Object(CodeIgniter\Router\RouteCollection))
#5 C:\xampp\htdocs\TP1NavarroMilagros\system\CodeIgniter.php(326): CodeIgniter\CodeIgniter->handleRequest(NULL, Object(Config\Cache), false)
#6 C:\xampp\htdocs\TP1NavarroMilagros\index.php(37): CodeIgniter\CodeIgniter->run()
#7 {main}
CRITICAL - 2022-06-04 01:44:34 --> preg_match(): Compilation failed: missing closing parenthesis at offset 16
#0 [internal function]: CodeIgniter\Debug\Exceptions->errorHandler(2, 'preg_match(): C...', 'C:\\xampp\\htdocs...', 384, Array)
#1 C:\xampp\htdocs\TP1NavarroMilagros\system\Router\Router.php(384): preg_match('#^editar/([0-9]...', 'update.php', Array)
#2 C:\xampp\htdocs\TP1NavarroMilagros\system\Router\Router.php(154): CodeIgniter\Router\Router->checkRoutes('update.php')
#3 C:\xampp\htdocs\TP1NavarroMilagros\system\CodeIgniter.php(726): CodeIgniter\Router\Router->handle('update.php')
#4 C:\xampp\htdocs\TP1NavarroMilagros\system\CodeIgniter.php(368): CodeIgniter\CodeIgniter->tryToRouteIt(Object(CodeIgniter\Router\RouteCollection))
#5 C:\xampp\htdocs\TP1NavarroMilagros\system\CodeIgniter.php(326): CodeIgniter\CodeIgniter->handleRequest(NULL, Object(Config\Cache), false)
#6 C:\xampp\htdocs\TP1NavarroMilagros\index.php(37): CodeIgniter\CodeIgniter->run()
#7 {main}
CRITICAL - 2022-06-04 01:45:03 --> preg_match(): Compilation failed: missing closing parenthesis at offset 16
#0 [internal function]: CodeIgniter\Debug\Exceptions->errorHandler(2, 'preg_match(): C...', 'C:\\xampp\\htdocs...', 384, Array)
#1 C:\xampp\htdocs\TP1NavarroMilagros\system\Router\Router.php(384): preg_match('#^editar/([0-9]...', 'update.php', Array)
#2 C:\xampp\htdocs\TP1NavarroMilagros\system\Router\Router.php(154): CodeIgniter\Router\Router->checkRoutes('update.php')
#3 C:\xampp\htdocs\TP1NavarroMilagros\system\CodeIgniter.php(726): CodeIgniter\Router\Router->handle('update.php')
#4 C:\xampp\htdocs\TP1NavarroMilagros\system\CodeIgniter.php(368): CodeIgniter\CodeIgniter->tryToRouteIt(Object(CodeIgniter\Router\RouteCollection))
#5 C:\xampp\htdocs\TP1NavarroMilagros\system\CodeIgniter.php(326): CodeIgniter\CodeIgniter->handleRequest(NULL, Object(Config\Cache), false)
#6 C:\xampp\htdocs\TP1NavarroMilagros\index.php(37): CodeIgniter\CodeIgniter->run()
#7 {main}
CRITICAL - 2022-06-04 01:45:20 --> preg_match(): Compilation failed: missing closing parenthesis at offset 16
#0 [internal function]: CodeIgniter\Debug\Exceptions->errorHandler(2, 'preg_match(): C...', 'C:\\xampp\\htdocs...', 384, Array)
#1 C:\xampp\htdocs\TP1NavarroMilagros\system\Router\Router.php(384): preg_match('#^editar/([0-9]...', 'update.php', Array)
#2 C:\xampp\htdocs\TP1NavarroMilagros\system\Router\Router.php(154): CodeIgniter\Router\Router->checkRoutes('update.php')
#3 C:\xampp\htdocs\TP1NavarroMilagros\system\CodeIgniter.php(726): CodeIgniter\Router\Router->handle('update.php')
#4 C:\xampp\htdocs\TP1NavarroMilagros\system\CodeIgniter.php(368): CodeIgniter\CodeIgniter->tryToRouteIt(Object(CodeIgniter\Router\RouteCollection))
#5 C:\xampp\htdocs\TP1NavarroMilagros\system\CodeIgniter.php(326): CodeIgniter\CodeIgniter->handleRequest(NULL, Object(Config\Cache), false)
#6 C:\xampp\htdocs\TP1NavarroMilagros\index.php(37): CodeIgniter\CodeIgniter->run()
#7 {main}
CRITICAL - 2022-06-04 01:45:22 --> preg_match(): Compilation failed: missing closing parenthesis at offset 16
#0 [internal function]: CodeIgniter\Debug\Exceptions->errorHandler(2, 'preg_match(): C...', 'C:\\xampp\\htdocs...', 384, Array)
#1 C:\xampp\htdocs\TP1NavarroMilagros\system\Router\Router.php(384): preg_match('#^editar/([0-9]...', 'update.php', Array)
#2 C:\xampp\htdocs\TP1NavarroMilagros\system\Router\Router.php(154): CodeIgniter\Router\Router->checkRoutes('update.php')
#3 C:\xampp\htdocs\TP1NavarroMilagros\system\CodeIgniter.php(726): CodeIgniter\Router\Router->handle('update.php')
#4 C:\xampp\htdocs\TP1NavarroMilagros\system\CodeIgniter.php(368): CodeIgniter\CodeIgniter->tryToRouteIt(Object(CodeIgniter\Router\RouteCollection))
#5 C:\xampp\htdocs\TP1NavarroMilagros\system\CodeIgniter.php(326): CodeIgniter\CodeIgniter->handleRequest(NULL, Object(Config\Cache), false)
#6 C:\xampp\htdocs\TP1NavarroMilagros\index.php(37): CodeIgniter\CodeIgniter->run()
#7 {main}
CRITICAL - 2022-06-04 01:45:24 --> preg_match(): Compilation failed: missing closing parenthesis at offset 16
#0 [internal function]: CodeIgniter\Debug\Exceptions->errorHandler(2, 'preg_match(): C...', 'C:\\xampp\\htdocs...', 384, Array)
#1 C:\xampp\htdocs\TP1NavarroMilagros\system\Router\Router.php(384): preg_match('#^editar/([0-9]...', 'public/js/poope...', Array)
#2 C:\xampp\htdocs\TP1NavarroMilagros\system\Router\Router.php(154): CodeIgniter\Router\Router->checkRoutes('public/js/poope...')
#3 C:\xampp\htdocs\TP1NavarroMilagros\system\CodeIgniter.php(726): CodeIgniter\Router\Router->handle('public/js/poope...')
#4 C:\xampp\htdocs\TP1NavarroMilagros\system\CodeIgniter.php(368): CodeIgniter\CodeIgniter->tryToRouteIt(Object(CodeIgniter\Router\RouteCollection))
#5 C:\xampp\htdocs\TP1NavarroMilagros\system\CodeIgniter.php(326): CodeIgniter\CodeIgniter->handleRequest(NULL, Object(Config\Cache), false)
#6 C:\xampp\htdocs\TP1NavarroMilagros\index.php(37): CodeIgniter\CodeIgniter->run()
#7 {main}
CRITICAL - 2022-06-04 01:46:11 --> Call to undefined function escapar()
#0 C:\xampp\htdocs\TP1NavarroMilagros\system\View\View.php(210): include()
#1 C:\xampp\htdocs\TP1NavarroMilagros\system\View\View.php(213): CodeIgniter\View\View->CodeIgniter\View\{closure}()
#2 C:\xampp\htdocs\TP1NavarroMilagros\system\Common.php(1089): CodeIgniter\View\View->render('back/usuario/us...', Array, true)
#3 C:\xampp\htdocs\TP1NavarroMilagros\app\Controllers\Usuario_crud_controller.php(13): view('back/usuario/us...', Array)
#4 C:\xampp\htdocs\TP1NavarroMilagros\system\CodeIgniter.php(832): App\Controllers\Usuario_crud_controller->index()
#5 C:\xampp\htdocs\TP1NavarroMilagros\system\CodeIgniter.php(419): CodeIgniter\CodeIgniter->runController(Object(App\Controllers\Usuario_crud_controller))
#6 C:\xampp\htdocs\TP1NavarroMilagros\system\CodeIgniter.php(326): CodeIgniter\CodeIgniter->handleRequest(NULL, Object(Config\Cache), false)
#7 C:\xampp\htdocs\TP1NavarroMilagros\index.php(37): CodeIgniter\CodeIgniter->run()
#8 {main}
CRITICAL - 2022-06-04 02:01:02 --> Undefined index:  id
#0 C:\xampp\htdocs\TP1NavarroMilagros\app\Views\back\usuario\usuario_crud_view.php(50): CodeIgniter\Debug\Exceptions->errorHandler(8, 'Undefined index...', 'C:\\xampp\\htdocs...', 50, Array)
#1 C:\xampp\htdocs\TP1NavarroMilagros\system\View\View.php(210): include('C:\\xampp\\htdocs...')
#2 C:\xampp\htdocs\TP1NavarroMilagros\system\View\View.php(213): CodeIgniter\View\View->CodeIgniter\View\{closure}()
#3 C:\xampp\htdocs\TP1NavarroMilagros\system\Common.php(1089): CodeIgniter\View\View->render('back/usuario/us...', Array, true)
#4 C:\xampp\htdocs\TP1NavarroMilagros\app\Controllers\Usuario_crud_controller.php(13): view('back/usuario/us...', Array)
#5 C:\xampp\htdocs\TP1NavarroMilagros\system\CodeIgniter.php(832): App\Controllers\Usuario_crud_controller->index()
#6 C:\xampp\htdocs\TP1NavarroMilagros\system\CodeIgniter.php(419): CodeIgniter\CodeIgniter->runController(Object(App\Controllers\Usuario_crud_controller))
#7 C:\xampp\htdocs\TP1NavarroMilagros\system\CodeIgniter.php(326): CodeIgniter\CodeIgniter->handleRequest(NULL, Object(Config\Cache), false)
#8 C:\xampp\htdocs\TP1NavarroMilagros\index.php(37): CodeIgniter\CodeIgniter->run()
#9 {main}
CRITICAL - 2022-06-04 13:09:44 --> Call to undefined function escapar()
#0 C:\xampp\htdocs\TP1NavarroMilagros\system\View\View.php(210): include()
#1 C:\xampp\htdocs\TP1NavarroMilagros\system\View\View.php(213): CodeIgniter\View\View->CodeIgniter\View\{closure}()
#2 C:\xampp\htdocs\TP1NavarroMilagros\system\Common.php(1089): CodeIgniter\View\View->render('back/usuario/us...', Array, true)
#3 C:\xampp\htdocs\TP1NavarroMilagros\app\Controllers\Usuario_crud_controller.php(13): view('back/usuario/us...', Array)
#4 C:\xampp\htdocs\TP1NavarroMilagros\system\CodeIgniter.php(832): App\Controllers\Usuario_crud_controller->index()
#5 C:\xampp\htdocs\TP1NavarroMilagros\system\CodeIgniter.php(419): CodeIgniter\CodeIgniter->runController(Object(App\Controllers\Usuario_crud_controller))
#6 C:\xampp\htdocs\TP1NavarroMilagros\system\CodeIgniter.php(326): CodeIgniter\CodeIgniter->handleRequest(NULL, Object(Config\Cache), false)
#7 C:\xampp\htdocs\TP1NavarroMilagros\index.php(37): CodeIgniter\CodeIgniter->run()
#8 {main}
CRITICAL - 2022-06-04 13:18:05 --> preg_match(): Compilation failed: missing closing parenthesis at offset 16
#0 [internal function]: CodeIgniter\Debug\Exceptions->errorHandler(2, 'preg_match(): C...', 'C:\\xampp\\htdocs...', 384, Array)
#1 C:\xampp\htdocs\TP1NavarroMilagros\system\Router\Router.php(384): preg_match('#^editar/([0-9]...', 'public/js/poope...', Array)
#2 C:\xampp\htdocs\TP1NavarroMilagros\system\Router\Router.php(154): CodeIgniter\Router\Router->checkRoutes('public/js/poope...')
#3 C:\xampp\htdocs\TP1NavarroMilagros\system\CodeIgniter.php(726): CodeIgniter\Router\Router->handle('public/js/poope...')
#4 C:\xampp\htdocs\TP1NavarroMilagros\system\CodeIgniter.php(368): CodeIgniter\CodeIgniter->tryToRouteIt(Object(CodeIgniter\Router\RouteCollection))
#5 C:\xampp\htdocs\TP1NavarroMilagros\system\CodeIgniter.php(326): CodeIgniter\CodeIgniter->handleRequest(NULL, Object(Config\Cache), false)
#6 C:\xampp\htdocs\TP1NavarroMilagros\index.php(37): CodeIgniter\CodeIgniter->run()
#7 {main}
CRITICAL - 2022-06-04 13:20:20 --> preg_match(): Compilation failed: missing closing parenthesis at offset 16
#0 [internal function]: CodeIgniter\Debug\Exceptions->errorHandler(2, 'preg_match(): C...', 'C:\\xampp\\htdocs...', 384, Array)
#1 C:\xampp\htdocs\TP1NavarroMilagros\system\Router\Router.php(384): preg_match('#^editar/([0-9]...', 'public/js/poope...', Array)
#2 C:\xampp\htdocs\TP1NavarroMilagros\system\Router\Router.php(154): CodeIgniter\Router\Router->checkRoutes('public/js/poope...')
#3 C:\xampp\htdocs\TP1NavarroMilagros\system\CodeIgniter.php(726): CodeIgniter\Router\Router->handle('public/js/poope...')
#4 C:\xampp\htdocs\TP1NavarroMilagros\system\CodeIgniter.php(368): CodeIgniter\CodeIgniter->tryToRouteIt(Object(CodeIgniter\Router\RouteCollection))
#5 C:\xampp\htdocs\TP1NavarroMilagros\system\CodeIgniter.php(326): CodeIgniter\CodeIgniter->handleRequest(NULL, Object(Config\Cache), false)
#6 C:\xampp\htdocs\TP1NavarroMilagros\index.php(37): CodeIgniter\CodeIgniter->run()
#7 {main}
CRITICAL - 2022-06-04 13:20:23 --> preg_match(): Compilation failed: missing closing parenthesis at offset 16
#0 [internal function]: CodeIgniter\Debug\Exceptions->errorHandler(2, 'preg_match(): C...', 'C:\\xampp\\htdocs...', 384, Array)
#1 C:\xampp\htdocs\TP1NavarroMilagros\system\Router\Router.php(384): preg_match('#^editar/([0-9]...', 'public/js/poope...', Array)
#2 C:\xampp\htdocs\TP1NavarroMilagros\system\Router\Router.php(154): CodeIgniter\Router\Router->checkRoutes('public/js/poope...')
#3 C:\xampp\htdocs\TP1NavarroMilagros\system\CodeIgniter.php(726): CodeIgniter\Router\Router->handle('public/js/poope...')
#4 C:\xampp\htdocs\TP1NavarroMilagros\system\CodeIgniter.php(368): CodeIgniter\CodeIgniter->tryToRouteIt(Object(CodeIgniter\Router\RouteCollection))
#5 C:\xampp\htdocs\TP1NavarroMilagros\system\CodeIgniter.php(326): CodeIgniter\CodeIgniter->handleRequest(NULL, Object(Config\Cache), false)
#6 C:\xampp\htdocs\TP1NavarroMilagros\index.php(37): CodeIgniter\CodeIgniter->run()
#7 {main}
CRITICAL - 2022-06-04 13:34:47 --> preg_match(): Compilation failed: missing closing parenthesis at offset 16
#0 [internal function]: CodeIgniter\Debug\Exceptions->errorHandler(2, 'preg_match(): C...', 'C:\\xampp\\htdocs...', 384, Array)
#1 C:\xampp\htdocs\TP1NavarroMilagros\system\Router\Router.php(384): preg_match('#^editar/([0-9]...', 'public/js/poope...', Array)
#2 C:\xampp\htdocs\TP1NavarroMilagros\system\Router\Router.php(154): CodeIgniter\Router\Router->checkRoutes('public/js/poope...')
#3 C:\xampp\htdocs\TP1NavarroMilagros\system\CodeIgniter.php(726): CodeIgniter\Router\Router->handle('public/js/poope...')
#4 C:\xampp\htdocs\TP1NavarroMilagros\system\CodeIgniter.php(368): CodeIgniter\CodeIgniter->tryToRouteIt(Object(CodeIgniter\Router\RouteCollection))
#5 C:\xampp\htdocs\TP1NavarroMilagros\system\CodeIgniter.php(326): CodeIgniter\CodeIgniter->handleRequest(NULL, Object(Config\Cache), false)
#6 C:\xampp\htdocs\TP1NavarroMilagros\index.php(37): CodeIgniter\CodeIgniter->run()
#7 {main}
CRITICAL - 2022-06-04 14:15:30 --> preg_match(): Compilation failed: missing closing parenthesis at offset 16
#0 [internal function]: CodeIgniter\Debug\Exceptions->errorHandler(2, 'preg_match(): C...', 'C:\\xampp\\htdocs...', 384, Array)
#1 C:\xampp\htdocs\TP1NavarroMilagros\system\Router\Router.php(384): preg_match('#^editar/([0-9]...', 'public/js/poope...', Array)
#2 C:\xampp\htdocs\TP1NavarroMilagros\system\Router\Router.php(154): CodeIgniter\Router\Router->checkRoutes('public/js/poope...')
#3 C:\xampp\htdocs\TP1NavarroMilagros\system\CodeIgniter.php(726): CodeIgniter\Router\Router->handle('public/js/poope...')
#4 C:\xampp\htdocs\TP1NavarroMilagros\system\CodeIgniter.php(368): CodeIgniter\CodeIgniter->tryToRouteIt(Object(CodeIgniter\Router\RouteCollection))
#5 C:\xampp\htdocs\TP1NavarroMilagros\system\CodeIgniter.php(326): CodeIgniter\CodeIgniter->handleRequest(NULL, Object(Config\Cache), false)
#6 C:\xampp\htdocs\TP1NavarroMilagros\index.php(37): CodeIgniter\CodeIgniter->run()
#7 {main}
CRITICAL - 2022-06-04 14:15:48 --> preg_match(): Compilation failed: missing closing parenthesis at offset 16
#0 [internal function]: CodeIgniter\Debug\Exceptions->errorHandler(2, 'preg_match(): C...', 'C:\\xampp\\htdocs...', 384, Array)
#1 C:\xampp\htdocs\TP1NavarroMilagros\system\Router\Router.php(384): preg_match('#^editar/([0-9]...', 'update/(:num)', Array)
#2 C:\xampp\htdocs\TP1NavarroMilagros\system\Router\Router.php(154): CodeIgniter\Router\Router->checkRoutes('update/(:num)')
#3 C:\xampp\htdocs\TP1NavarroMilagros\system\CodeIgniter.php(726): CodeIgniter\Router\Router->handle('update/(:num)')
#4 C:\xampp\htdocs\TP1NavarroMilagros\system\CodeIgniter.php(368): CodeIgniter\CodeIgniter->tryToRouteIt(Object(CodeIgniter\Router\RouteCollection))
#5 C:\xampp\htdocs\TP1NavarroMilagros\system\CodeIgniter.php(326): CodeIgniter\CodeIgniter->handleRequest(NULL, Object(Config\Cache), false)
#6 C:\xampp\htdocs\TP1NavarroMilagros\index.php(37): CodeIgniter\CodeIgniter->run()
#7 {main}
CRITICAL - 2022-06-04 14:16:10 --> preg_match(): Compilation failed: missing closing parenthesis at offset 16
#0 [internal function]: CodeIgniter\Debug\Exceptions->errorHandler(2, 'preg_match(): C...', 'C:\\xampp\\htdocs...', 384, Array)
#1 C:\xampp\htdocs\TP1NavarroMilagros\system\Router\Router.php(384): preg_match('#^editar/([0-9]...', 'update/(:num)', Array)
#2 C:\xampp\htdocs\TP1NavarroMilagros\system\Router\Router.php(154): CodeIgniter\Router\Router->checkRoutes('update/(:num)')
#3 C:\xampp\htdocs\TP1NavarroMilagros\system\CodeIgniter.php(726): CodeIgniter\Router\Router->handle('update/(:num)')
#4 C:\xampp\htdocs\TP1NavarroMilagros\system\CodeIgniter.php(368): CodeIgniter\CodeIgniter->tryToRouteIt(Object(CodeIgniter\Router\RouteCollection))
#5 C:\xampp\htdocs\TP1NavarroMilagros\system\CodeIgniter.php(326): CodeIgniter\CodeIgniter->handleRequest(NULL, Object(Config\Cache), false)
#6 C:\xampp\htdocs\TP1NavarroMilagros\index.php(37): CodeIgniter\CodeIgniter->run()
#7 {main}
CRITICAL - 2022-06-04 14:16:13 --> preg_match(): Compilation failed: missing closing parenthesis at offset 16
#0 [internal function]: CodeIgniter\Debug\Exceptions->errorHandler(2, 'preg_match(): C...', 'C:\\xampp\\htdocs...', 384, Array)
#1 C:\xampp\htdocs\TP1NavarroMilagros\system\Router\Router.php(384): preg_match('#^editar/([0-9]...', 'update/(:num)', Array)
#2 C:\xampp\htdocs\TP1NavarroMilagros\system\Router\Router.php(154): CodeIgniter\Router\Router->checkRoutes('update/(:num)')
#3 C:\xampp\htdocs\TP1NavarroMilagros\system\CodeIgniter.php(726): CodeIgniter\Router\Router->handle('update/(:num)')
#4 C:\xampp\htdocs\TP1NavarroMilagros\system\CodeIgniter.php(368): CodeIgniter\CodeIgniter->tryToRouteIt(Object(CodeIgniter\Router\RouteCollection))
#5 C:\xampp\htdocs\TP1NavarroMilagros\system\CodeIgniter.php(326): CodeIgniter\CodeIgniter->handleRequest(NULL, Object(Config\Cache), false)
#6 C:\xampp\htdocs\TP1NavarroMilagros\index.php(37): CodeIgniter\CodeIgniter->run()
#7 {main}
CRITICAL - 2022-06-04 14:32:59 --> preg_match(): Compilation failed: missing closing parenthesis at offset 16
#0 [internal function]: CodeIgniter\Debug\Exceptions->errorHandler(2, 'preg_match(): C...', 'C:\\xampp\\htdocs...', 384, Array)
#1 C:\xampp\htdocs\TP1NavarroMilagros\system\Router\Router.php(384): preg_match('#^editar/([0-9]...', 'public/js/poope...', Array)
#2 C:\xampp\htdocs\TP1NavarroMilagros\system\Router\Router.php(154): CodeIgniter\Router\Router->checkRoutes('public/js/poope...')
#3 C:\xampp\htdocs\TP1NavarroMilagros\system\CodeIgniter.php(726): CodeIgniter\Router\Router->handle('public/js/poope...')
#4 C:\xampp\htdocs\TP1NavarroMilagros\system\CodeIgniter.php(368): CodeIgniter\CodeIgniter->tryToRouteIt(Object(CodeIgniter\Router\RouteCollection))
#5 C:\xampp\htdocs\TP1NavarroMilagros\system\CodeIgniter.php(326): CodeIgniter\CodeIgniter->handleRequest(NULL, Object(Config\Cache), false)
#6 C:\xampp\htdocs\TP1NavarroMilagros\index.php(37): CodeIgniter\CodeIgniter->run()
#7 {main}
CRITICAL - 2022-06-04 14:33:03 --> preg_match(): Compilation failed: missing closing parenthesis at offset 16
#0 [internal function]: CodeIgniter\Debug\Exceptions->errorHandler(2, 'preg_match(): C...', 'C:\\xampp\\htdocs...', 384, Array)
#1 C:\xampp\htdocs\TP1NavarroMilagros\system\Router\Router.php(384): preg_match('#^editar/([0-9]...', 'modificausuario...', Array)
#2 C:\xampp\htdocs\TP1NavarroMilagros\system\Router\Router.php(154): CodeIgniter\Router\Router->checkRoutes('modificausuario...')
#3 C:\xampp\htdocs\TP1NavarroMilagros\system\CodeIgniter.php(726): CodeIgniter\Router\Router->handle('modificausuario...')
#4 C:\xampp\htdocs\TP1NavarroMilagros\system\CodeIgniter.php(368): CodeIgniter\CodeIgniter->tryToRouteIt(Object(CodeIgniter\Router\RouteCollection))
#5 C:\xampp\htdocs\TP1NavarroMilagros\system\CodeIgniter.php(326): CodeIgniter\CodeIgniter->handleRequest(NULL, Object(Config\Cache), false)
#6 C:\xampp\htdocs\TP1NavarroMilagros\index.php(37): CodeIgniter\CodeIgniter->run()
#7 {main}
CRITICAL - 2022-06-04 14:33:40 --> preg_match(): Compilation failed: missing closing parenthesis at offset 16
#0 [internal function]: CodeIgniter\Debug\Exceptions->errorHandler(2, 'preg_match(): C...', 'C:\\xampp\\htdocs...', 384, Array)
#1 C:\xampp\htdocs\TP1NavarroMilagros\system\Router\Router.php(384): preg_match('#^editar/([0-9]...', 'modificausuario...', Array)
#2 C:\xampp\htdocs\TP1NavarroMilagros\system\Router\Router.php(154): CodeIgniter\Router\Router->checkRoutes('modificausuario...')
#3 C:\xampp\htdocs\TP1NavarroMilagros\system\CodeIgniter.php(726): CodeIgniter\Router\Router->handle('modificausuario...')
#4 C:\xampp\htdocs\TP1NavarroMilagros\system\CodeIgniter.php(368): CodeIgniter\CodeIgniter->tryToRouteIt(Object(CodeIgniter\Router\RouteCollection))
#5 C:\xampp\htdocs\TP1NavarroMilagros\system\CodeIgniter.php(326): CodeIgniter\CodeIgniter->handleRequest(NULL, Object(Config\Cache), false)
#6 C:\xampp\htdocs\TP1NavarroMilagros\index.php(37): CodeIgniter\CodeIgniter->run()
#7 {main}
CRITICAL - 2022-06-04 14:33:43 --> preg_match(): Compilation failed: missing closing parenthesis at offset 16
#0 [internal function]: CodeIgniter\Debug\Exceptions->errorHandler(2, 'preg_match(): C...', 'C:\\xampp\\htdocs...', 384, Array)
#1 C:\xampp\htdocs\TP1NavarroMilagros\system\Router\Router.php(384): preg_match('#^editar/([0-9]...', 'modificausuario...', Array)
#2 C:\xampp\htdocs\TP1NavarroMilagros\system\Router\Router.php(154): CodeIgniter\Router\Router->checkRoutes('modificausuario...')
#3 C:\xampp\htdocs\TP1NavarroMilagros\system\CodeIgniter.php(726): CodeIgniter\Router\Router->handle('modificausuario...')
#4 C:\xampp\htdocs\TP1NavarroMilagros\system\CodeIgniter.php(368): CodeIgniter\CodeIgniter->tryToRouteIt(Object(CodeIgniter\Router\RouteCollection))
#5 C:\xampp\htdocs\TP1NavarroMilagros\system\CodeIgniter.php(326): CodeIgniter\CodeIgniter->handleRequest(NULL, Object(Config\Cache), false)
#6 C:\xampp\htdocs\TP1NavarroMilagros\index.php(37): CodeIgniter\CodeIgniter->run()
#7 {main}
CRITICAL - 2022-06-04 14:33:45 --> preg_match(): Compilation failed: missing closing parenthesis at offset 16
#0 [internal function]: CodeIgniter\Debug\Exceptions->errorHandler(2, 'preg_match(): C...', 'C:\\xampp\\htdocs...', 384, Array)
#1 C:\xampp\htdocs\TP1NavarroMilagros\system\Router\Router.php(384): preg_match('#^editar/([0-9]...', 'public/js/poope...', Array)
#2 C:\xampp\htdocs\TP1NavarroMilagros\system\Router\Router.php(154): CodeIgniter\Router\Router->checkRoutes('public/js/poope...')
#3 C:\xampp\htdocs\TP1NavarroMilagros\system\CodeIgniter.php(726): CodeIgniter\Router\Router->handle('public/js/poope...')
#4 C:\xampp\htdocs\TP1NavarroMilagros\system\CodeIgniter.php(368): CodeIgniter\CodeIgniter->tryToRouteIt(Object(CodeIgniter\Router\RouteCollection))
#5 C:\xampp\htdocs\TP1NavarroMilagros\system\CodeIgniter.php(326): CodeIgniter\CodeIgniter->handleRequest(NULL, Object(Config\Cache), false)
#6 C:\xampp\htdocs\TP1NavarroMilagros\index.php(37): CodeIgniter\CodeIgniter->run()
#7 {main}
CRITICAL - 2022-06-04 14:33:47 --> preg_match(): Compilation failed: missing closing parenthesis at offset 16
#0 [internal function]: CodeIgniter\Debug\Exceptions->errorHandler(2, 'preg_match(): C...', 'C:\\xampp\\htdocs...', 384, Array)
#1 C:\xampp\htdocs\TP1NavarroMilagros\system\Router\Router.php(384): preg_match('#^editar/([0-9]...', 'modificausuario...', Array)
#2 C:\xampp\htdocs\TP1NavarroMilagros\system\Router\Router.php(154): CodeIgniter\Router\Router->checkRoutes('modificausuario...')
#3 C:\xampp\htdocs\TP1NavarroMilagros\system\CodeIgniter.php(726): CodeIgniter\Router\Router->handle('modificausuario...')
#4 C:\xampp\htdocs\TP1NavarroMilagros\system\CodeIgniter.php(368): CodeIgniter\CodeIgniter->tryToRouteIt(Object(CodeIgniter\Router\RouteCollection))
#5 C:\xampp\htdocs\TP1NavarroMilagros\system\CodeIgniter.php(326): CodeIgniter\CodeIgniter->handleRequest(NULL, Object(Config\Cache), false)
#6 C:\xampp\htdocs\TP1NavarroMilagros\index.php(37): CodeIgniter\CodeIgniter->run()
#7 {main}
CRITICAL - 2022-06-04 14:36:09 --> preg_match(): Compilation failed: missing closing parenthesis at offset 16
#0 [internal function]: CodeIgniter\Debug\Exceptions->errorHandler(2, 'preg_match(): C...', 'C:\\xampp\\htdocs...', 384, Array)
#1 C:\xampp\htdocs\TP1NavarroMilagros\system\Router\Router.php(384): preg_match('#^editar/([0-9]...', 'public/js/poope...', Array)
#2 C:\xampp\htdocs\TP1NavarroMilagros\system\Router\Router.php(154): CodeIgniter\Router\Router->checkRoutes('public/js/poope...')
#3 C:\xampp\htdocs\TP1NavarroMilagros\system\CodeIgniter.php(726): CodeIgniter\Router\Router->handle('public/js/poope...')
#4 C:\xampp\htdocs\TP1NavarroMilagros\system\CodeIgniter.php(368): CodeIgniter\CodeIgniter->tryToRouteIt(Object(CodeIgniter\Router\RouteCollection))
#5 C:\xampp\htdocs\TP1NavarroMilagros\system\CodeIgniter.php(326): CodeIgniter\CodeIgniter->handleRequest(NULL, Object(Config\Cache), false)
#6 C:\xampp\htdocs\TP1NavarroMilagros\index.php(37): CodeIgniter\CodeIgniter->run()
#7 {main}
CRITICAL - 2022-06-04 14:36:12 --> preg_match(): Compilation failed: missing closing parenthesis at offset 16
#0 [internal function]: CodeIgniter\Debug\Exceptions->errorHandler(2, 'preg_match(): C...', 'C:\\xampp\\htdocs...', 384, Array)
#1 C:\xampp\htdocs\TP1NavarroMilagros\system\Router\Router.php(384): preg_match('#^editar/([0-9]...', 'public/js/poope...', Array)
#2 C:\xampp\htdocs\TP1NavarroMilagros\system\Router\Router.php(154): CodeIgniter\Router\Router->checkRoutes('public/js/poope...')
#3 C:\xampp\htdocs\TP1NavarroMilagros\system\CodeIgniter.php(726): CodeIgniter\Router\Router->handle('public/js/poope...')
#4 C:\xampp\htdocs\TP1NavarroMilagros\system\CodeIgniter.php(368): CodeIgniter\CodeIgniter->tryToRouteIt(Object(CodeIgniter\Router\RouteCollection))
#5 C:\xampp\htdocs\TP1NavarroMilagros\system\CodeIgniter.php(326): CodeIgniter\CodeIgniter->handleRequest(NULL, Object(Config\Cache), false)
#6 C:\xampp\htdocs\TP1NavarroMilagros\index.php(37): CodeIgniter\CodeIgniter->run()
#7 {main}
CRITICAL - 2022-06-04 14:38:31 --> preg_match(): Compilation failed: missing closing parenthesis at offset 16
#0 [internal function]: CodeIgniter\Debug\Exceptions->errorHandler(2, 'preg_match(): C...', 'C:\\xampp\\htdocs...', 384, Array)
#1 C:\xampp\htdocs\TP1NavarroMilagros\system\Router\Router.php(384): preg_match('#^editar/([0-9]...', 'modificausuario...', Array)
#2 C:\xampp\htdocs\TP1NavarroMilagros\system\Router\Router.php(154): CodeIgniter\Router\Router->checkRoutes('modificausuario...')
#3 C:\xampp\htdocs\TP1NavarroMilagros\system\CodeIgniter.php(726): CodeIgniter\Router\Router->handle('modificausuario...')
#4 C:\xampp\htdocs\TP1NavarroMilagros\system\CodeIgniter.php(368): CodeIgniter\CodeIgniter->tryToRouteIt(Object(CodeIgniter\Router\RouteCollection))
#5 C:\xampp\htdocs\TP1NavarroMilagros\system\CodeIgniter.php(326): CodeIgniter\CodeIgniter->handleRequest(NULL, Object(Config\Cache), false)
#6 C:\xampp\htdocs\TP1NavarroMilagros\index.php(37): CodeIgniter\CodeIgniter->run()
#7 {main}
CRITICAL - 2022-06-04 14:51:23 --> preg_match(): Compilation failed: missing closing parenthesis at offset 16
#0 [internal function]: CodeIgniter\Debug\Exceptions->errorHandler(2, 'preg_match(): C...', 'C:\\xampp\\htdocs...', 384, Array)
#1 C:\xampp\htdocs\TP1NavarroMilagros\system\Router\Router.php(384): preg_match('#^editar/([0-9]...', 'public/js/poope...', Array)
#2 C:\xampp\htdocs\TP1NavarroMilagros\system\Router\Router.php(154): CodeIgniter\Router\Router->checkRoutes('public/js/poope...')
#3 C:\xampp\htdocs\TP1NavarroMilagros\system\CodeIgniter.php(726): CodeIgniter\Router\Router->handle('public/js/poope...')
#4 C:\xampp\htdocs\TP1NavarroMilagros\system\CodeIgniter.php(368): CodeIgniter\CodeIgniter->tryToRouteIt(Object(CodeIgniter\Router\RouteCollection))
#5 C:\xampp\htdocs\TP1NavarroMilagros\system\CodeIgniter.php(326): CodeIgniter\CodeIgniter->handleRequest(NULL, Object(Config\Cache), false)
#6 C:\xampp\htdocs\TP1NavarroMilagros\index.php(37): CodeIgniter\CodeIgniter->run()
#7 {main}
CRITICAL - 2022-06-04 14:51:48 --> preg_match(): Compilation failed: missing closing parenthesis at offset 16
#0 [internal function]: CodeIgniter\Debug\Exceptions->errorHandler(2, 'preg_match(): C...', 'C:\\xampp\\htdocs...', 384, Array)
#1 C:\xampp\htdocs\TP1NavarroMilagros\system\Router\Router.php(384): preg_match('#^editar/([0-9]...', ''update/'. $lib...', Array)
#2 C:\xampp\htdocs\TP1NavarroMilagros\system\Router\Router.php(154): CodeIgniter\Router\Router->checkRoutes(''update/'. $lib...')
#3 C:\xampp\htdocs\TP1NavarroMilagros\system\CodeIgniter.php(726): CodeIgniter\Router\Router->handle(''update/'. $lib...')
#4 C:\xampp\htdocs\TP1NavarroMilagros\system\CodeIgniter.php(368): CodeIgniter\CodeIgniter->tryToRouteIt(Object(CodeIgniter\Router\RouteCollection))
#5 C:\xampp\htdocs\TP1NavarroMilagros\system\CodeIgniter.php(326): CodeIgniter\CodeIgniter->handleRequest(NULL, Object(Config\Cache), false)
#6 C:\xampp\htdocs\TP1NavarroMilagros\index.php(37): CodeIgniter\CodeIgniter->run()
#7 {main}
CRITICAL - 2022-06-04 14:57:16 --> preg_match(): Compilation failed: missing closing parenthesis at offset 16
#0 [internal function]: CodeIgniter\Debug\Exceptions->errorHandler(2, 'preg_match(): C...', 'C:\\xampp\\htdocs...', 384, Array)
#1 C:\xampp\htdocs\TP1NavarroMilagros\system\Router\Router.php(384): preg_match('#^editar/([0-9]...', ''update/'. $lib...', Array)
#2 C:\xampp\htdocs\TP1NavarroMilagros\system\Router\Router.php(154): CodeIgniter\Router\Router->checkRoutes(''update/'. $lib...')
#3 C:\xampp\htdocs\TP1NavarroMilagros\system\CodeIgniter.php(726): CodeIgniter\Router\Router->handle(''update/'. $lib...')
#4 C:\xampp\htdocs\TP1NavarroMilagros\system\CodeIgniter.php(368): CodeIgniter\CodeIgniter->tryToRouteIt(Object(CodeIgniter\Router\RouteCollection))
#5 C:\xampp\htdocs\TP1NavarroMilagros\system\CodeIgniter.php(326): CodeIgniter\CodeIgniter->handleRequest(NULL, Object(Config\Cache), false)
#6 C:\xampp\htdocs\TP1NavarroMilagros\index.php(37): CodeIgniter\CodeIgniter->run()
#7 {main}
CRITICAL - 2022-06-04 14:57:21 --> syntax error, unexpected '?'
#0 C:\xampp\htdocs\TP1NavarroMilagros\system\View\View.php(213): CodeIgniter\View\View->CodeIgniter\View\{closure}()
#1 C:\xampp\htdocs\TP1NavarroMilagros\system\Common.php(1089): CodeIgniter\View\View->render('back/usuario/us...', Array, true)
#2 C:\xampp\htdocs\TP1NavarroMilagros\app\Controllers\Usuario_crud_controller.php(13): view('back/usuario/us...', Array)
#3 C:\xampp\htdocs\TP1NavarroMilagros\system\CodeIgniter.php(832): App\Controllers\Usuario_crud_controller->index()
#4 C:\xampp\htdocs\TP1NavarroMilagros\system\CodeIgniter.php(419): CodeIgniter\CodeIgniter->runController(Object(App\Controllers\Usuario_crud_controller))
#5 C:\xampp\htdocs\TP1NavarroMilagros\system\CodeIgniter.php(326): CodeIgniter\CodeIgniter->handleRequest(NULL, Object(Config\Cache), false)
#6 C:\xampp\htdocs\TP1NavarroMilagros\index.php(37): CodeIgniter\CodeIgniter->run()
#7 {main}
CRITICAL - 2022-06-04 14:57:50 --> preg_match(): Compilation failed: missing closing parenthesis at offset 16
#0 [internal function]: CodeIgniter\Debug\Exceptions->errorHandler(2, 'preg_match(): C...', 'C:\\xampp\\htdocs...', 384, Array)
#1 C:\xampp\htdocs\TP1NavarroMilagros\system\Router\Router.php(384): preg_match('#^editar/([0-9]...', 'public/js/poope...', Array)
#2 C:\xampp\htdocs\TP1NavarroMilagros\system\Router\Router.php(154): CodeIgniter\Router\Router->checkRoutes('public/js/poope...')
#3 C:\xampp\htdocs\TP1NavarroMilagros\system\CodeIgniter.php(726): CodeIgniter\Router\Router->handle('public/js/poope...')
#4 C:\xampp\htdocs\TP1NavarroMilagros\system\CodeIgniter.php(368): CodeIgniter\CodeIgniter->tryToRouteIt(Object(CodeIgniter\Router\RouteCollection))
#5 C:\xampp\htdocs\TP1NavarroMilagros\system\CodeIgniter.php(326): CodeIgniter\CodeIgniter->handleRequest(NULL, Object(Config\Cache), false)
#6 C:\xampp\htdocs\TP1NavarroMilagros\index.php(37): CodeIgniter\CodeIgniter->run()
#7 {main}
CRITICAL - 2022-06-04 14:57:54 --> preg_match(): Compilation failed: missing closing parenthesis at offset 16
#0 [internal function]: CodeIgniter\Debug\Exceptions->errorHandler(2, 'preg_match(): C...', 'C:\\xampp\\htdocs...', 384, Array)
#1 C:\xampp\htdocs\TP1NavarroMilagros\system\Router\Router.php(384): preg_match('#^editar/([0-9]...', 'update/7', Array)
#2 C:\xampp\htdocs\TP1NavarroMilagros\system\Router\Router.php(154): CodeIgniter\Router\Router->checkRoutes('update/7')
#3 C:\xampp\htdocs\TP1NavarroMilagros\system\CodeIgniter.php(726): CodeIgniter\Router\Router->handle('update/7')
#4 C:\xampp\htdocs\TP1NavarroMilagros\system\CodeIgniter.php(368): CodeIgniter\CodeIgniter->tryToRouteIt(Object(CodeIgniter\Router\RouteCollection))
#5 C:\xampp\htdocs\TP1NavarroMilagros\system\CodeIgniter.php(326): CodeIgniter\CodeIgniter->handleRequest(NULL, Object(Config\Cache), false)
#6 C:\xampp\htdocs\TP1NavarroMilagros\index.php(37): CodeIgniter\CodeIgniter->run()
#7 {main}
CRITICAL - 2022-06-04 16:39:26 --> preg_match(): Compilation failed: missing closing parenthesis at offset 16
#0 [internal function]: CodeIgniter\Debug\Exceptions->errorHandler(2, 'preg_match(): C...', 'C:\\xampp\\htdocs...', 384, Array)
#1 C:\xampp\htdocs\TP1NavarroMilagros\system\Router\Router.php(384): preg_match('#^editar/([0-9]...', 'public/js/poope...', Array)
#2 C:\xampp\htdocs\TP1NavarroMilagros\system\Router\Router.php(154): CodeIgniter\Router\Router->checkRoutes('public/js/poope...')
#3 C:\xampp\htdocs\TP1NavarroMilagros\system\CodeIgniter.php(726): CodeIgniter\Router\Router->handle('public/js/poope...')
#4 C:\xampp\htdocs\TP1NavarroMilagros\system\CodeIgniter.php(368): CodeIgniter\CodeIgniter->tryToRouteIt(Object(CodeIgniter\Router\RouteCollection))
#5 C:\xampp\htdocs\TP1NavarroMilagros\system\CodeIgniter.php(326): CodeIgniter\CodeIgniter->handleRequest(NULL, Object(Config\Cache), false)
#6 C:\xampp\htdocs\TP1NavarroMilagros\index.php(37): CodeIgniter\CodeIgniter->run()
#7 {main}
CRITICAL - 2022-06-04 16:39:43 --> preg_match(): Compilation failed: missing closing parenthesis at offset 16
#0 [internal function]: CodeIgniter\Debug\Exceptions->errorHandler(2, 'preg_match(): C...', 'C:\\xampp\\htdocs...', 384, Array)
#1 C:\xampp\htdocs\TP1NavarroMilagros\system\Router\Router.php(384): preg_match('#^editar/([0-9]...', 'public/js/poope...', Array)
#2 C:\xampp\htdocs\TP1NavarroMilagros\system\Router\Router.php(154): CodeIgniter\Router\Router->checkRoutes('public/js/poope...')
#3 C:\xampp\htdocs\TP1NavarroMilagros\system\CodeIgniter.php(726): CodeIgniter\Router\Router->handle('public/js/poope...')
#4 C:\xampp\htdocs\TP1NavarroMilagros\system\CodeIgniter.php(368): CodeIgniter\CodeIgniter->tryToRouteIt(Object(CodeIgniter\Router\RouteCollection))
#5 C:\xampp\htdocs\TP1NavarroMilagros\system\CodeIgniter.php(326): CodeIgniter\CodeIgniter->handleRequest(NULL, Object(Config\Cache), false)
#6 C:\xampp\htdocs\TP1NavarroMilagros\index.php(37): CodeIgniter\CodeIgniter->run()
#7 {main}
CRITICAL - 2022-06-04 16:39:48 --> preg_match(): Compilation failed: missing closing parenthesis at offset 16
#0 [internal function]: CodeIgniter\Debug\Exceptions->errorHandler(2, 'preg_match(): C...', 'C:\\xampp\\htdocs...', 384, Array)
#1 C:\xampp\htdocs\TP1NavarroMilagros\system\Router\Router.php(384): preg_match('#^editar/([0-9]...', 'update/7', Array)
#2 C:\xampp\htdocs\TP1NavarroMilagros\system\Router\Router.php(154): CodeIgniter\Router\Router->checkRoutes('update/7')
#3 C:\xampp\htdocs\TP1NavarroMilagros\system\CodeIgniter.php(726): CodeIgniter\Router\Router->handle('update/7')
#4 C:\xampp\htdocs\TP1NavarroMilagros\system\CodeIgniter.php(368): CodeIgniter\CodeIgniter->tryToRouteIt(Object(CodeIgniter\Router\RouteCollection))
#5 C:\xampp\htdocs\TP1NavarroMilagros\system\CodeIgniter.php(326): CodeIgniter\CodeIgniter->handleRequest(NULL, Object(Config\Cache), false)
#6 C:\xampp\htdocs\TP1NavarroMilagros\index.php(37): CodeIgniter\CodeIgniter->run()
#7 {main}
CRITICAL - 2022-06-04 17:25:30 --> Cannot use object of type CodeIgniter\Validation\Validation as array
#0 C:\xampp\htdocs\TP1NavarroMilagros\system\View\View.php(210): include()
#1 C:\xampp\htdocs\TP1NavarroMilagros\system\View\View.php(213): CodeIgniter\View\View->CodeIgniter\View\{closure}()
#2 C:\xampp\htdocs\TP1NavarroMilagros\system\Common.php(1089): CodeIgniter\View\View->render('back/usuario/mo...', Array, true)
#3 C:\xampp\htdocs\TP1NavarroMilagros\app\Controllers\Usuario_crud_controller.php(57): view('back/usuario/mo...', Array)
#4 C:\xampp\htdocs\TP1NavarroMilagros\system\CodeIgniter.php(832): App\Controllers\Usuario_crud_controller->singleUser('7')
#5 C:\xampp\htdocs\TP1NavarroMilagros\system\CodeIgniter.php(419): CodeIgniter\CodeIgniter->runController(Object(App\Controllers\Usuario_crud_controller))
#6 C:\xampp\htdocs\TP1NavarroMilagros\system\CodeIgniter.php(326): CodeIgniter\CodeIgniter->handleRequest(NULL, Object(Config\Cache), false)
#7 C:\xampp\htdocs\TP1NavarroMilagros\index.php(37): CodeIgniter\CodeIgniter->run()
#8 {main}
CRITICAL - 2022-06-04 17:26:59 --> Undefined variable: usuario
#0 C:\xampp\htdocs\TP1NavarroMilagros\app\Views\back\usuario\modificausuarios.php(13): CodeIgniter\Debug\Exceptions->errorHandler(8, 'Undefined varia...', 'C:\\xampp\\htdocs...', 13, Array)
#1 C:\xampp\htdocs\TP1NavarroMilagros\system\View\View.php(210): include('C:\\xampp\\htdocs...')
#2 C:\xampp\htdocs\TP1NavarroMilagros\system\View\View.php(213): CodeIgniter\View\View->CodeIgniter\View\{closure}()
#3 C:\xampp\htdocs\TP1NavarroMilagros\system\Common.php(1089): CodeIgniter\View\View->render('back/usuario/mo...', Array, true)
#4 C:\xampp\htdocs\TP1NavarroMilagros\app\Controllers\Usuario_crud_controller.php(57): view('back/usuario/mo...', Array)
#5 C:\xampp\htdocs\TP1NavarroMilagros\system\CodeIgniter.php(832): App\Controllers\Usuario_crud_controller->singleUser('7')
#6 C:\xampp\htdocs\TP1NavarroMilagros\system\CodeIgniter.php(419): CodeIgniter\CodeIgniter->runController(Object(App\Controllers\Usuario_crud_controller))
#7 C:\xampp\htdocs\TP1NavarroMilagros\system\CodeIgniter.php(326): CodeIgniter\CodeIgniter->handleRequest(NULL, Object(Config\Cache), false)
#8 C:\xampp\htdocs\TP1NavarroMilagros\index.php(37): CodeIgniter\CodeIgniter->run()
#9 {main}
CRITICAL - 2022-06-04 17:31:26 --> Undefined variable: userModel
#0 C:\xampp\htdocs\TP1NavarroMilagros\app\Views\back\usuario\modificausuarios.php(13): CodeIgniter\Debug\Exceptions->errorHandler(8, 'Undefined varia...', 'C:\\xampp\\htdocs...', 13, Array)
#1 C:\xampp\htdocs\TP1NavarroMilagros\system\View\View.php(210): include('C:\\xampp\\htdocs...')
#2 C:\xampp\htdocs\TP1NavarroMilagros\system\View\View.php(213): CodeIgniter\View\View->CodeIgniter\View\{closure}()
#3 C:\xampp\htdocs\TP1NavarroMilagros\system\Common.php(1089): CodeIgniter\View\View->render('back/usuario/mo...', Array, true)
#4 C:\xampp\htdocs\TP1NavarroMilagros\app\Controllers\Usuario_crud_controller.php(57): view('back/usuario/mo...', Array)
#5 C:\xampp\htdocs\TP1NavarroMilagros\system\CodeIgniter.php(832): App\Controllers\Usuario_crud_controller->singleUser('7')
#6 C:\xampp\htdocs\TP1NavarroMilagros\system\CodeIgniter.php(419): CodeIgniter\CodeIgniter->runController(Object(App\Controllers\Usuario_crud_controller))
#7 C:\xampp\htdocs\TP1NavarroMilagros\system\CodeIgniter.php(326): CodeIgniter\CodeIgniter->handleRequest(NULL, Object(Config\Cache), false)
#8 C:\xampp\htdocs\TP1NavarroMilagros\index.php(37): CodeIgniter\CodeIgniter->run()
#9 {main}
CRITICAL - 2022-06-04 17:33:27 --> Undefined variable: userModel
#0 C:\xampp\htdocs\TP1NavarroMilagros\app\Views\back\usuario\modificausuarios.php(8): CodeIgniter\Debug\Exceptions->errorHandler(8, 'Undefined varia...', 'C:\\xampp\\htdocs...', 8, Array)
#1 C:\xampp\htdocs\TP1NavarroMilagros\system\View\View.php(210): include('C:\\xampp\\htdocs...')
#2 C:\xampp\htdocs\TP1NavarroMilagros\system\View\View.php(213): CodeIgniter\View\View->CodeIgniter\View\{closure}()
#3 C:\xampp\htdocs\TP1NavarroMilagros\system\Common.php(1089): CodeIgniter\View\View->render('back/usuario/mo...', Array, true)
#4 C:\xampp\htdocs\TP1NavarroMilagros\app\Controllers\Usuario_crud_controller.php(57): view('back/usuario/mo...', Array)
#5 C:\xampp\htdocs\TP1NavarroMilagros\system\CodeIgniter.php(832): App\Controllers\Usuario_crud_controller->singleUser('7')
#6 C:\xampp\htdocs\TP1NavarroMilagros\system\CodeIgniter.php(419): CodeIgniter\CodeIgniter->runController(Object(App\Controllers\Usuario_crud_controller))
#7 C:\xampp\htdocs\TP1NavarroMilagros\system\CodeIgniter.php(326): CodeIgniter\CodeIgniter->handleRequest(NULL, Object(Config\Cache), false)
#8 C:\xampp\htdocs\TP1NavarroMilagros\index.php(37): CodeIgniter\CodeIgniter->run()
#9 {main}
CRITICAL - 2022-06-04 17:36:51 --> Call to undefined function form_open_multipart()
#0 C:\xampp\htdocs\TP1NavarroMilagros\system\View\View.php(210): include()
#1 C:\xampp\htdocs\TP1NavarroMilagros\system\View\View.php(213): CodeIgniter\View\View->CodeIgniter\View\{closure}()
#2 C:\xampp\htdocs\TP1NavarroMilagros\system\Common.php(1089): CodeIgniter\View\View->render('back/usuario/mo...', Array, true)
#3 C:\xampp\htdocs\TP1NavarroMilagros\app\Controllers\Usuario_crud_controller.php(57): view('back/usuario/mo...', Array)
#4 C:\xampp\htdocs\TP1NavarroMilagros\system\CodeIgniter.php(832): App\Controllers\Usuario_crud_controller->singleUser('7')
#5 C:\xampp\htdocs\TP1NavarroMilagros\system\CodeIgniter.php(419): CodeIgniter\CodeIgniter->runController(Object(App\Controllers\Usuario_crud_controller))
#6 C:\xampp\htdocs\TP1NavarroMilagros\system\CodeIgniter.php(326): CodeIgniter\CodeIgniter->handleRequest(NULL, Object(Config\Cache), false)
#7 C:\xampp\htdocs\TP1NavarroMilagros\index.php(37): CodeIgniter\CodeIgniter->run()
#8 {main}
CRITICAL - 2022-06-04 17:37:23 --> Call to undefined function form_label()
#0 C:\xampp\htdocs\TP1NavarroMilagros\system\View\View.php(210): include()
#1 C:\xampp\htdocs\TP1NavarroMilagros\system\View\View.php(213): CodeIgniter\View\View->CodeIgniter\View\{closure}()
#2 C:\xampp\htdocs\TP1NavarroMilagros\system\Common.php(1089): CodeIgniter\View\View->render('back/usuario/mo...', Array, true)
#3 C:\xampp\htdocs\TP1NavarroMilagros\app\Controllers\Usuario_crud_controller.php(57): view('back/usuario/mo...', Array)
#4 C:\xampp\htdocs\TP1NavarroMilagros\system\CodeIgniter.php(832): App\Controllers\Usuario_crud_controller->singleUser('7')
#5 C:\xampp\htdocs\TP1NavarroMilagros\system\CodeIgniter.php(419): CodeIgniter\CodeIgniter->runController(Object(App\Controllers\Usuario_crud_controller))
#6 C:\xampp\htdocs\TP1NavarroMilagros\system\CodeIgniter.php(326): CodeIgniter\CodeIgniter->handleRequest(NULL, Object(Config\Cache), false)
#7 C:\xampp\htdocs\TP1NavarroMilagros\index.php(37): CodeIgniter\CodeIgniter->run()
#8 {main}
CRITICAL - 2022-06-04 17:37:26 --> Call to undefined function form_label()
#0 C:\xampp\htdocs\TP1NavarroMilagros\system\View\View.php(210): include()
#1 C:\xampp\htdocs\TP1NavarroMilagros\system\View\View.php(213): CodeIgniter\View\View->CodeIgniter\View\{closure}()
#2 C:\xampp\htdocs\TP1NavarroMilagros\system\Common.php(1089): CodeIgniter\View\View->render('back/usuario/mo...', Array, true)
#3 C:\xampp\htdocs\TP1NavarroMilagros\app\Controllers\Usuario_crud_controller.php(57): view('back/usuario/mo...', Array)
#4 C:\xampp\htdocs\TP1NavarroMilagros\system\CodeIgniter.php(832): App\Controllers\Usuario_crud_controller->singleUser('7')
#5 C:\xampp\htdocs\TP1NavarroMilagros\system\CodeIgniter.php(419): CodeIgniter\CodeIgniter->runController(Object(App\Controllers\Usuario_crud_controller))
#6 C:\xampp\htdocs\TP1NavarroMilagros\system\CodeIgniter.php(326): CodeIgniter\CodeIgniter->handleRequest(NULL, Object(Config\Cache), false)
#7 C:\xampp\htdocs\TP1NavarroMilagros\index.php(37): CodeIgniter\CodeIgniter->run()
#8 {main}
CRITICAL - 2022-06-04 17:38:29 --> Call to undefined function form_open_multipart()
#0 C:\xampp\htdocs\TP1NavarroMilagros\system\View\View.php(210): include()
#1 C:\xampp\htdocs\TP1NavarroMilagros\system\View\View.php(213): CodeIgniter\View\View->CodeIgniter\View\{closure}()
#2 C:\xampp\htdocs\TP1NavarroMilagros\system\Common.php(1089): CodeIgniter\View\View->render('back/usuario/mo...', Array, true)
#3 C:\xampp\htdocs\TP1NavarroMilagros\app\Controllers\Usuario_crud_controller.php(57): view('back/usuario/mo...', Array)
#4 C:\xampp\htdocs\TP1NavarroMilagros\system\CodeIgniter.php(832): App\Controllers\Usuario_crud_controller->singleUser('7')
#5 C:\xampp\htdocs\TP1NavarroMilagros\system\CodeIgniter.php(419): CodeIgniter\CodeIgniter->runController(Object(App\Controllers\Usuario_crud_controller))
#6 C:\xampp\htdocs\TP1NavarroMilagros\system\CodeIgniter.php(326): CodeIgniter\CodeIgniter->handleRequest(NULL, Object(Config\Cache), false)
#7 C:\xampp\htdocs\TP1NavarroMilagros\index.php(37): CodeIgniter\CodeIgniter->run()
#8 {main}
CRITICAL - 2022-06-04 17:42:46 --> Call to undefined function form_open_multipart()
#0 C:\xampp\htdocs\TP1NavarroMilagros\system\View\View.php(210): include()
#1 C:\xampp\htdocs\TP1NavarroMilagros\system\View\View.php(213): CodeIgniter\View\View->CodeIgniter\View\{closure}()
#2 C:\xampp\htdocs\TP1NavarroMilagros\system\Common.php(1089): CodeIgniter\View\View->render('back/usuario/mo...', Array, true)
#3 C:\xampp\htdocs\TP1NavarroMilagros\app\Controllers\Usuario_crud_controller.php(57): view('back/usuario/mo...', Array)
#4 C:\xampp\htdocs\TP1NavarroMilagros\system\CodeIgniter.php(832): App\Controllers\Usuario_crud_controller->singleUser('7')
#5 C:\xampp\htdocs\TP1NavarroMilagros\system\CodeIgniter.php(419): CodeIgniter\CodeIgniter->runController(Object(App\Controllers\Usuario_crud_controller))
#6 C:\xampp\htdocs\TP1NavarroMilagros\system\CodeIgniter.php(326): CodeIgniter\CodeIgniter->handleRequest(NULL, Object(Config\Cache), false)
#7 C:\xampp\htdocs\TP1NavarroMilagros\index.php(37): CodeIgniter\CodeIgniter->run()
#8 {main}
CRITICAL - 2022-06-04 17:44:39 --> Call to undefined function form_open_multipart()
#0 C:\xampp\htdocs\TP1NavarroMilagros\system\View\View.php(210): include()
#1 C:\xampp\htdocs\TP1NavarroMilagros\system\View\View.php(213): CodeIgniter\View\View->CodeIgniter\View\{closure}()
#2 C:\xampp\htdocs\TP1NavarroMilagros\system\Common.php(1089): CodeIgniter\View\View->render('back/usuario/mo...', Array, true)
#3 C:\xampp\htdocs\TP1NavarroMilagros\app\Controllers\Usuario_crud_controller.php(57): view('back/usuario/mo...', Array)
#4 C:\xampp\htdocs\TP1NavarroMilagros\system\CodeIgniter.php(832): App\Controllers\Usuario_crud_controller->singleUser('8')
#5 C:\xampp\htdocs\TP1NavarroMilagros\system\CodeIgniter.php(419): CodeIgniter\CodeIgniter->runController(Object(App\Controllers\Usuario_crud_controller))
#6 C:\xampp\htdocs\TP1NavarroMilagros\system\CodeIgniter.php(326): CodeIgniter\CodeIgniter->handleRequest(NULL, Object(Config\Cache), false)
#7 C:\xampp\htdocs\TP1NavarroMilagros\index.php(37): CodeIgniter\CodeIgniter->run()
#8 {main}
CRITICAL - 2022-06-04 18:03:42 --> Undefined variable: datos
#0 C:\xampp\htdocs\TP1NavarroMilagros\app\Controllers\Usuario_crud_controller.php(59): CodeIgniter\Debug\Exceptions->errorHandler(8, 'Undefined varia...', 'C:\\xampp\\htdocs...', 59, Array)
#1 C:\xampp\htdocs\TP1NavarroMilagros\system\CodeIgniter.php(832): App\Controllers\Usuario_crud_controller->singleUser('8')
#2 C:\xampp\htdocs\TP1NavarroMilagros\system\CodeIgniter.php(419): CodeIgniter\CodeIgniter->runController(Object(App\Controllers\Usuario_crud_controller))
#3 C:\xampp\htdocs\TP1NavarroMilagros\system\CodeIgniter.php(326): CodeIgniter\CodeIgniter->handleRequest(NULL, Object(Config\Cache), false)
#4 C:\xampp\htdocs\TP1NavarroMilagros\index.php(37): CodeIgniter\CodeIgniter->run()
#5 {main}
CRITICAL - 2022-06-04 19:52:44 --> Undefined variable: dato
#0 C:\xampp\htdocs\TP1NavarroMilagros\app\Controllers\Usuario_crud_controller.php(57): CodeIgniter\Debug\Exceptions->errorHandler(8, 'Undefined varia...', 'C:\\xampp\\htdocs...', 57, Array)
#1 C:\xampp\htdocs\TP1NavarroMilagros\system\CodeIgniter.php(832): App\Controllers\Usuario_crud_controller->singleUser('8')
#2 C:\xampp\htdocs\TP1NavarroMilagros\system\CodeIgniter.php(419): CodeIgniter\CodeIgniter->runController(Object(App\Controllers\Usuario_crud_controller))
#3 C:\xampp\htdocs\TP1NavarroMilagros\system\CodeIgniter.php(326): CodeIgniter\CodeIgniter->handleRequest(NULL, Object(Config\Cache), false)
#4 C:\xampp\htdocs\TP1NavarroMilagros\index.php(37): CodeIgniter\CodeIgniter->run()
#5 {main}
CRITICAL - 2022-06-04 19:57:28 --> Undefined variable: users
#0 C:\xampp\htdocs\TP1NavarroMilagros\app\Views\back\usuario\usuario_crud_view.php(3): CodeIgniter\Debug\Exceptions->errorHandler(8, 'Undefined varia...', 'C:\\xampp\\htdocs...', 3, Array)
#1 C:\xampp\htdocs\TP1NavarroMilagros\system\View\View.php(210): include('C:\\xampp\\htdocs...')
#2 C:\xampp\htdocs\TP1NavarroMilagros\system\View\View.php(213): CodeIgniter\View\View->CodeIgniter\View\{closure}()
#3 C:\xampp\htdocs\TP1NavarroMilagros\system\Common.php(1089): CodeIgniter\View\View->render('back/usuario/us...', Array, true)
#4 C:\xampp\htdocs\TP1NavarroMilagros\app\Controllers\Usuario_crud_controller.php(59): view('back/usuario/us...', Array)
#5 C:\xampp\htdocs\TP1NavarroMilagros\system\CodeIgniter.php(832): App\Controllers\Usuario_crud_controller->singleUser('8')
#6 C:\xampp\htdocs\TP1NavarroMilagros\system\CodeIgniter.php(419): CodeIgniter\CodeIgniter->runController(Object(App\Controllers\Usuario_crud_controller))
#7 C:\xampp\htdocs\TP1NavarroMilagros\system\CodeIgniter.php(326): CodeIgniter\CodeIgniter->handleRequest(NULL, Object(Config\Cache), false)
#8 C:\xampp\htdocs\TP1NavarroMilagros\index.php(37): CodeIgniter\CodeIgniter->run()
#9 {main}
CRITICAL - 2022-06-04 20:01:10 --> Undefined variable: users
#0 C:\xampp\htdocs\TP1NavarroMilagros\app\Views\back\usuario\usuario_crud_view.php(3): CodeIgniter\Debug\Exceptions->errorHandler(8, 'Undefined varia...', 'C:\\xampp\\htdocs...', 3, Array)
#1 C:\xampp\htdocs\TP1NavarroMilagros\system\View\View.php(210): include('C:\\xampp\\htdocs...')
#2 C:\xampp\htdocs\TP1NavarroMilagros\system\View\View.php(213): CodeIgniter\View\View->CodeIgniter\View\{closure}()
#3 C:\xampp\htdocs\TP1NavarroMilagros\system\Common.php(1089): CodeIgniter\View\View->render('back/usuario/us...', Array, true)
#4 C:\xampp\htdocs\TP1NavarroMilagros\app\Controllers\Usuario_crud_controller.php(59): view('back/usuario/us...', Array)
#5 C:\xampp\htdocs\TP1NavarroMilagros\system\CodeIgniter.php(832): App\Controllers\Usuario_crud_controller->singleUser('8')
#6 C:\xampp\htdocs\TP1NavarroMilagros\system\CodeIgniter.php(419): CodeIgniter\CodeIgniter->runController(Object(App\Controllers\Usuario_crud_controller))
#7 C:\xampp\htdocs\TP1NavarroMilagros\system\CodeIgniter.php(326): CodeIgniter\CodeIgniter->handleRequest(NULL, Object(Config\Cache), false)
#8 C:\xampp\htdocs\TP1NavarroMilagros\index.php(37): CodeIgniter\CodeIgniter->run()
#9 {main}
CRITICAL - 2022-06-04 20:04:58 --> Undefined index: name
#0 C:\xampp\htdocs\TP1NavarroMilagros\app\Views\back\usuario\modificausuarios.php(32): CodeIgniter\Debug\Exceptions->errorHandler(8, 'Undefined index...', 'C:\\xampp\\htdocs...', 32, Array)
#1 C:\xampp\htdocs\TP1NavarroMilagros\system\View\View.php(210): include('C:\\xampp\\htdocs...')
#2 C:\xampp\htdocs\TP1NavarroMilagros\system\View\View.php(213): CodeIgniter\View\View->CodeIgniter\View\{closure}()
#3 C:\xampp\htdocs\TP1NavarroMilagros\system\Common.php(1089): CodeIgniter\View\View->render('back/usuario/mo...', Array, true)
#4 C:\xampp\htdocs\TP1NavarroMilagros\app\Controllers\Usuario_crud_controller.php(59): view('back/usuario/mo...', Array)
#5 C:\xampp\htdocs\TP1NavarroMilagros\system\CodeIgniter.php(832): App\Controllers\Usuario_crud_controller->singleUser('8')
#6 C:\xampp\htdocs\TP1NavarroMilagros\system\CodeIgniter.php(419): CodeIgniter\CodeIgniter->runController(Object(App\Controllers\Usuario_crud_controller))
#7 C:\xampp\htdocs\TP1NavarroMilagros\system\CodeIgniter.php(326): CodeIgniter\CodeIgniter->handleRequest(NULL, Object(Config\Cache), false)
#8 C:\xampp\htdocs\TP1NavarroMilagros\index.php(37): CodeIgniter\CodeIgniter->run()
#9 {main}
CRITICAL - 2022-06-04 20:21:41 --> Undefined property: CodeIgniter\HTTP\IncomingRequest::$request
#0 C:\xampp\htdocs\TP1NavarroMilagros\app\Controllers\Usuario_crud_controller.php(71): CodeIgniter\Debug\Exceptions->errorHandler(8, 'Undefined prope...', 'C:\\xampp\\htdocs...', 71, Array)
#1 C:\xampp\htdocs\TP1NavarroMilagros\system\CodeIgniter.php(832): App\Controllers\Usuario_crud_controller->update()
#2 C:\xampp\htdocs\TP1NavarroMilagros\system\CodeIgniter.php(419): CodeIgniter\CodeIgniter->runController(Object(App\Controllers\Usuario_crud_controller))
#3 C:\xampp\htdocs\TP1NavarroMilagros\system\CodeIgniter.php(326): CodeIgniter\CodeIgniter->handleRequest(NULL, Object(Config\Cache), false)
#4 C:\xampp\htdocs\TP1NavarroMilagros\index.php(37): CodeIgniter\CodeIgniter->run()
#5 {main}
CRITICAL - 2022-06-04 20:35:09 --> min_length  is not a valid rule.
#0 C:\xampp\htdocs\TP1NavarroMilagros\system\Validation\Validation.php(300): CodeIgniter\Validation\Exceptions\ValidationException::forRuleNotFound('min_length ')
#1 C:\xampp\htdocs\TP1NavarroMilagros\system\Validation\Validation.php(157): CodeIgniter\Validation\Validation->processRules('email', 'email', 'correo7@algo.co...', Array, Array)
#2 C:\xampp\htdocs\TP1NavarroMilagros\system\Controller.php(160): CodeIgniter\Validation\Validation->run()
#3 C:\xampp\htdocs\TP1NavarroMilagros\app\Controllers\Usuario_crud_controller.php(27): CodeIgniter\Controller->validate(Array)
#4 C:\xampp\htdocs\TP1NavarroMilagros\system\CodeIgniter.php(832): App\Controllers\Usuario_crud_controller->store()
#5 C:\xampp\htdocs\TP1NavarroMilagros\system\CodeIgniter.php(419): CodeIgniter\CodeIgniter->runController(Object(App\Controllers\Usuario_crud_controller))
#6 C:\xampp\htdocs\TP1NavarroMilagros\system\CodeIgniter.php(326): CodeIgniter\CodeIgniter->handleRequest(NULL, Object(Config\Cache), false)
#7 C:\xampp\htdocs\TP1NavarroMilagros\index.php(37): CodeIgniter\CodeIgniter->run()
#8 {main}
CRITICAL - 2022-06-04 20:43:52 --> min_length  is not a valid rule.
#0 C:\xampp\htdocs\TP1NavarroMilagros\system\Validation\Validation.php(300): CodeIgniter\Validation\Exceptions\ValidationException::forRuleNotFound('min_length ')
#1 C:\xampp\htdocs\TP1NavarroMilagros\system\Validation\Validation.php(157): CodeIgniter\Validation\Validation->processRules('email', 'email', 'correo7@algo.co...', Array, Array)
#2 C:\xampp\htdocs\TP1NavarroMilagros\system\Controller.php(160): CodeIgniter\Validation\Validation->run()
#3 C:\xampp\htdocs\TP1NavarroMilagros\app\Controllers\Usuario_crud_controller.php(28): CodeIgniter\Controller->validate(Array)
#4 C:\xampp\htdocs\TP1NavarroMilagros\system\CodeIgniter.php(832): App\Controllers\Usuario_crud_controller->store()
#5 C:\xampp\htdocs\TP1NavarroMilagros\system\CodeIgniter.php(419): CodeIgniter\CodeIgniter->runController(Object(App\Controllers\Usuario_crud_controller))
#6 C:\xampp\htdocs\TP1NavarroMilagros\system\CodeIgniter.php(326): CodeIgniter\CodeIgniter->handleRequest(NULL, Object(Config\Cache), false)
#7 C:\xampp\htdocs\TP1NavarroMilagros\index.php(37): CodeIgniter\CodeIgniter->run()
#8 {main}
CRITICAL - 2022-06-04 20:44:00 --> min_length  is not a valid rule.
#0 C:\xampp\htdocs\TP1NavarroMilagros\system\Validation\Validation.php(300): CodeIgniter\Validation\Exceptions\ValidationException::forRuleNotFound('min_length ')
#1 C:\xampp\htdocs\TP1NavarroMilagros\system\Validation\Validation.php(157): CodeIgniter\Validation\Validation->processRules('email', 'email', 'correo7@algo.co...', Array, Array)
#2 C:\xampp\htdocs\TP1NavarroMilagros\system\Controller.php(160): CodeIgniter\Validation\Validation->run()
#3 C:\xampp\htdocs\TP1NavarroMilagros\app\Controllers\Usuario_crud_controller.php(28): CodeIgniter\Controller->validate(Array)
#4 C:\xampp\htdocs\TP1NavarroMilagros\system\CodeIgniter.php(832): App\Controllers\Usuario_crud_controller->store()
#5 C:\xampp\htdocs\TP1NavarroMilagros\system\CodeIgniter.php(419): CodeIgniter\CodeIgniter->runController(Object(App\Controllers\Usuario_crud_controller))
#6 C:\xampp\htdocs\TP1NavarroMilagros\system\CodeIgniter.php(326): CodeIgniter\CodeIgniter->handleRequest(NULL, Object(Config\Cache), false)
#7 C:\xampp\htdocs\TP1NavarroMilagros\index.php(37): CodeIgniter\CodeIgniter->run()
#8 {main}
CRITICAL - 2022-06-04 20:58:54 --> min_length  is not a valid rule.
#0 C:\xampp\htdocs\TP1NavarroMilagros\system\Validation\Validation.php(300): CodeIgniter\Validation\Exceptions\ValidationException::forRuleNotFound('min_length ')
#1 C:\xampp\htdocs\TP1NavarroMilagros\system\Validation\Validation.php(157): CodeIgniter\Validation\Validation->processRules('email', 'email', 'correo7@algo.co...', Array, Array)
#2 C:\xampp\htdocs\TP1NavarroMilagros\system\Controller.php(160): CodeIgniter\Validation\Validation->run()
#3 C:\xampp\htdocs\TP1NavarroMilagros\app\Controllers\Usuario_crud_controller.php(28): CodeIgniter\Controller->validate(Array)
#4 C:\xampp\htdocs\TP1NavarroMilagros\system\CodeIgniter.php(832): App\Controllers\Usuario_crud_controller->store()
#5 C:\xampp\htdocs\TP1NavarroMilagros\system\CodeIgniter.php(419): CodeIgniter\CodeIgniter->runController(Object(App\Controllers\Usuario_crud_controller))
#6 C:\xampp\htdocs\TP1NavarroMilagros\system\CodeIgniter.php(326): CodeIgniter\CodeIgniter->handleRequest(NULL, Object(Config\Cache), false)
#7 C:\xampp\htdocs\TP1NavarroMilagros\index.php(37): CodeIgniter\CodeIgniter->run()
#8 {main}
