CRITICAL - 2022-06-05 14:51:43 --> syntax error, unexpected ''stock'' (T_CONSTANT_ENCAPSED_STRING), expecting ']'
#0 C:\xampp\htdocs\TP1NavarroMilagros\system\Autoloader\Autoloader.php(241): CodeIgniter\Autoloader\Autoloader->includeFile('C:\\xampp\\htdocs...')
#1 C:\xampp\htdocs\TP1NavarroMilagros\system\Autoloader\Autoloader.php(219): CodeIgniter\Autoloader\Autoloader->loadInNamespace('App\\Controllers...')
#2 [internal function]: CodeIgniter\Autoloader\Autoloader->loadClass('App\\Controllers...')
#3 [internal function]: spl_autoload_call('App\\Controllers...')
#4 C:\xampp\htdocs\TP1NavarroMilagros\system\CodeIgniter.php(797): class_exists('\\App\\Controller...', true)
#5 C:\xampp\htdocs\TP1NavarroMilagros\system\CodeIgniter.php(406): CodeIgniter\CodeIgniter->startController()
#6 C:\xampp\htdocs\TP1NavarroMilagros\system\CodeIgniter.php(326): CodeIgniter\CodeIgniter->handleRequest(NULL, Object(Config\Cache), false)
#7 C:\xampp\htdocs\TP1NavarroMilagros\index.php(37): CodeIgniter\CodeIgniter->run()
#8 {main}
CRITICAL - 2022-06-05 14:52:31 --> syntax error, unexpected ''stock'' (T_CONSTANT_ENCAPSED_STRING), expecting ']'
#0 C:\xampp\htdocs\TP1NavarroMilagros\system\Autoloader\Autoloader.php(241): CodeIgniter\Autoloader\Autoloader->includeFile('C:\\xampp\\htdocs...')
#1 C:\xampp\htdocs\TP1NavarroMilagros\system\Autoloader\Autoloader.php(219): CodeIgniter\Autoloader\Autoloader->loadInNamespace('App\\Controllers...')
#2 [internal function]: CodeIgniter\Autoloader\Autoloader->loadClass('App\\Controllers...')
#3 [internal function]: spl_autoload_call('App\\Controllers...')
#4 C:\xampp\htdocs\TP1NavarroMilagros\system\CodeIgniter.php(797): class_exists('\\App\\Controller...', true)
#5 C:\xampp\htdocs\TP1NavarroMilagros\system\CodeIgniter.php(406): CodeIgniter\CodeIgniter->startController()
#6 C:\xampp\htdocs\TP1NavarroMilagros\system\CodeIgniter.php(326): CodeIgniter\CodeIgniter->handleRequest(NULL, Object(Config\Cache), false)
#7 C:\xampp\htdocs\TP1NavarroMilagros\index.php(37): CodeIgniter\CodeIgniter->run()
#8 {main}
CRITICAL - 2022-06-05 14:52:51 --> syntax error, unexpected ':', expecting ';' or ','
#0 C:\xampp\htdocs\TP1NavarroMilagros\system\Autoloader\Autoloader.php(241): CodeIgniter\Autoloader\Autoloader->includeFile('C:\\xampp\\htdocs...')
#1 C:\xampp\htdocs\TP1NavarroMilagros\system\Autoloader\Autoloader.php(219): CodeIgniter\Autoloader\Autoloader->loadInNamespace('App\\Models\\Prod...')
#2 [internal function]: CodeIgniter\Autoloader\Autoloader->loadClass('App\\Models\\Prod...')
#3 C:\xampp\htdocs\TP1NavarroMilagros\app\Controllers\Productocontroller.php(8): spl_autoload_call('App\\Models\\Prod...')
#4 C:\xampp\htdocs\TP1NavarroMilagros\system\CodeIgniter.php(832): App\Controllers\Productocontroller->index()
#5 C:\xampp\htdocs\TP1NavarroMilagros\system\CodeIgniter.php(419): CodeIgniter\CodeIgniter->runController(Object(App\Controllers\Productocontroller))
#6 C:\xampp\htdocs\TP1NavarroMilagros\system\CodeIgniter.php(326): CodeIgniter\CodeIgniter->handleRequest(NULL, Object(Config\Cache), false)
#7 C:\xampp\htdocs\TP1NavarroMilagros\index.php(37): CodeIgniter\CodeIgniter->run()
#8 {main}
CRITICAL - 2022-06-05 14:53:22 --> Class 'App\Models\Model' not found
#0 C:\xampp\htdocs\TP1NavarroMilagros\system\Autoloader\Autoloader.php(264): include_once()
#1 C:\xampp\htdocs\TP1NavarroMilagros\system\Autoloader\Autoloader.php(241): CodeIgniter\Autoloader\Autoloader->includeFile('C:\\xampp\\htdocs...')
#2 C:\xampp\htdocs\TP1NavarroMilagros\system\Autoloader\Autoloader.php(219): CodeIgniter\Autoloader\Autoloader->loadInNamespace('App\\Models\\Prod...')
#3 [internal function]: CodeIgniter\Autoloader\Autoloader->loadClass('App\\Models\\Prod...')
#4 C:\xampp\htdocs\TP1NavarroMilagros\app\Controllers\Productocontroller.php(8): spl_autoload_call('App\\Models\\Prod...')
#5 C:\xampp\htdocs\TP1NavarroMilagros\system\CodeIgniter.php(832): App\Controllers\Productocontroller->index()
#6 C:\xampp\htdocs\TP1NavarroMilagros\system\CodeIgniter.php(419): CodeIgniter\CodeIgniter->runController(Object(App\Controllers\Productocontroller))
#7 C:\xampp\htdocs\TP1NavarroMilagros\system\CodeIgniter.php(326): CodeIgniter\CodeIgniter->handleRequest(NULL, Object(Config\Cache), false)
#8 C:\xampp\htdocs\TP1NavarroMilagros\index.php(37): CodeIgniter\CodeIgniter->run()
#9 {main}
CRITICAL - 2022-06-05 14:55:08 --> Class 'App\Models\Model' not found
#0 C:\xampp\htdocs\TP1NavarroMilagros\system\Autoloader\Autoloader.php(264): include_once()
#1 C:\xampp\htdocs\TP1NavarroMilagros\system\Autoloader\Autoloader.php(241): CodeIgniter\Autoloader\Autoloader->includeFile('C:\\xampp\\htdocs...')
#2 C:\xampp\htdocs\TP1NavarroMilagros\system\Autoloader\Autoloader.php(219): CodeIgniter\Autoloader\Autoloader->loadInNamespace('App\\Models\\Prod...')
#3 [internal function]: CodeIgniter\Autoloader\Autoloader->loadClass('App\\Models\\Prod...')
#4 C:\xampp\htdocs\TP1NavarroMilagros\app\Controllers\Productocontroller.php(8): spl_autoload_call('App\\Models\\Prod...')
#5 C:\xampp\htdocs\TP1NavarroMilagros\system\CodeIgniter.php(832): App\Controllers\Productocontroller->index()
#6 C:\xampp\htdocs\TP1NavarroMilagros\system\CodeIgniter.php(419): CodeIgniter\CodeIgniter->runController(Object(App\Controllers\Productocontroller))
#7 C:\xampp\htdocs\TP1NavarroMilagros\system\CodeIgniter.php(326): CodeIgniter\CodeIgniter->handleRequest(NULL, Object(Config\Cache), false)
#8 C:\xampp\htdocs\TP1NavarroMilagros\index.php(37): CodeIgniter\CodeIgniter->run()
#9 {main}
CRITICAL - 2022-06-05 14:55:10 --> Class 'App\Models\Model' not found
#0 C:\xampp\htdocs\TP1NavarroMilagros\system\Autoloader\Autoloader.php(264): include_once()
#1 C:\xampp\htdocs\TP1NavarroMilagros\system\Autoloader\Autoloader.php(241): CodeIgniter\Autoloader\Autoloader->includeFile('C:\\xampp\\htdocs...')
#2 C:\xampp\htdocs\TP1NavarroMilagros\system\Autoloader\Autoloader.php(219): CodeIgniter\Autoloader\Autoloader->loadInNamespace('App\\Models\\Prod...')
#3 [internal function]: CodeIgniter\Autoloader\Autoloader->loadClass('App\\Models\\Prod...')
#4 C:\xampp\htdocs\TP1NavarroMilagros\app\Controllers\Productocontroller.php(8): spl_autoload_call('App\\Models\\Prod...')
#5 C:\xampp\htdocs\TP1NavarroMilagros\system\CodeIgniter.php(832): App\Controllers\Productocontroller->index()
#6 C:\xampp\htdocs\TP1NavarroMilagros\system\CodeIgniter.php(419): CodeIgniter\CodeIgniter->runController(Object(App\Controllers\Productocontroller))
#7 C:\xampp\htdocs\TP1NavarroMilagros\system\CodeIgniter.php(326): CodeIgniter\CodeIgniter->handleRequest(NULL, Object(Config\Cache), false)
#8 C:\xampp\htdocs\TP1NavarroMilagros\index.php(37): CodeIgniter\CodeIgniter->run()
#9 {main}
CRITICAL - 2022-06-05 14:55:21 --> Class 'App\Models\Model' not found
#0 C:\xampp\htdocs\TP1NavarroMilagros\system\Autoloader\Autoloader.php(264): include_once()
#1 C:\xampp\htdocs\TP1NavarroMilagros\system\Autoloader\Autoloader.php(241): CodeIgniter\Autoloader\Autoloader->includeFile('C:\\xampp\\htdocs...')
#2 C:\xampp\htdocs\TP1NavarroMilagros\system\Autoloader\Autoloader.php(219): CodeIgniter\Autoloader\Autoloader->loadInNamespace('App\\Models\\Prod...')
#3 [internal function]: CodeIgniter\Autoloader\Autoloader->loadClass('App\\Models\\Prod...')
#4 C:\xampp\htdocs\TP1NavarroMilagros\app\Controllers\Productocontroller.php(8): spl_autoload_call('App\\Models\\Prod...')
#5 C:\xampp\htdocs\TP1NavarroMilagros\system\CodeIgniter.php(832): App\Controllers\Productocontroller->index()
#6 C:\xampp\htdocs\TP1NavarroMilagros\system\CodeIgniter.php(419): CodeIgniter\CodeIgniter->runController(Object(App\Controllers\Productocontroller))
#7 C:\xampp\htdocs\TP1NavarroMilagros\system\CodeIgniter.php(326): CodeIgniter\CodeIgniter->handleRequest(NULL, Object(Config\Cache), false)
#8 C:\xampp\htdocs\TP1NavarroMilagros\index.php(37): CodeIgniter\CodeIgniter->run()
#9 {main}
CRITICAL - 2022-06-05 14:55:54 --> syntax error, unexpected '}', expecting end of file
#0 C:\xampp\htdocs\TP1NavarroMilagros\system\View\View.php(213): CodeIgniter\View\View->CodeIgniter\View\{closure}()
#1 C:\xampp\htdocs\TP1NavarroMilagros\system\Common.php(1089): CodeIgniter\View\View->render('back/productos/...', Array, true)
#2 C:\xampp\htdocs\TP1NavarroMilagros\app\Controllers\Productocontroller.php(13): view('back/productos/...', Array)
#3 C:\xampp\htdocs\TP1NavarroMilagros\system\CodeIgniter.php(832): App\Controllers\Productocontroller->index()
#4 C:\xampp\htdocs\TP1NavarroMilagros\system\CodeIgniter.php(419): CodeIgniter\CodeIgniter->runController(Object(App\Controllers\Productocontroller))
#5 C:\xampp\htdocs\TP1NavarroMilagros\system\CodeIgniter.php(326): CodeIgniter\CodeIgniter->handleRequest(NULL, Object(Config\Cache), false)
#6 C:\xampp\htdocs\TP1NavarroMilagros\index.php(37): CodeIgniter\CodeIgniter->run()
#7 {main}
ERROR - 2022-06-05 15:54:59 --> Table 'navarro_milagros.categorias' doesn't exist
CRITICAL - 2022-06-05 15:54:59 --> Table 'navarro_milagros.categorias' doesn't exist
#0 C:\xampp\htdocs\TP1NavarroMilagros\system\Database\MySQLi\Connection.php(292): mysqli->query('SELECT 1\nFROM `...', 0)
#1 C:\xampp\htdocs\TP1NavarroMilagros\system\Database\BaseConnection.php(670): CodeIgniter\Database\MySQLi\Connection->execute('SELECT 1\nFROM `...')
#2 C:\xampp\htdocs\TP1NavarroMilagros\system\Database\BaseConnection.php(598): CodeIgniter\Database\BaseConnection->simpleQuery('SELECT 1\nFROM `...')
#3 C:\xampp\htdocs\TP1NavarroMilagros\system\Database\BaseBuilder.php(1455): CodeIgniter\Database\BaseConnection->query('SELECT 1\nFROM `...', Array, false)
#4 C:\xampp\htdocs\TP1NavarroMilagros\system\Validation\Rules.php(104): CodeIgniter\Database\BaseBuilder->get()
#5 C:\xampp\htdocs\TP1NavarroMilagros\system\Validation\Validation.php(292): CodeIgniter\Validation\Rules->is_not_unique(NULL, 'id', Array, NULL)
#6 C:\xampp\htdocs\TP1NavarroMilagros\system\Validation\Validation.php(157): CodeIgniter\Validation\Validation->processRules('categoria', 'categoria', NULL, Array, Array)
#7 C:\xampp\htdocs\TP1NavarroMilagros\system\Controller.php(160): CodeIgniter\Validation\Validation->run()
#8 C:\xampp\htdocs\TP1NavarroMilagros\app\Controllers\Productocontroller.php(28): CodeIgniter\Controller->validate(Array)
#9 C:\xampp\htdocs\TP1NavarroMilagros\system\CodeIgniter.php(832): App\Controllers\Productocontroller->store()
#10 C:\xampp\htdocs\TP1NavarroMilagros\system\CodeIgniter.php(419): CodeIgniter\CodeIgniter->runController(Object(App\Controllers\Productocontroller))
#11 C:\xampp\htdocs\TP1NavarroMilagros\system\CodeIgniter.php(326): CodeIgniter\CodeIgniter->handleRequest(NULL, Object(Config\Cache), false)
#12 C:\xampp\htdocs\TP1NavarroMilagros\index.php(37): CodeIgniter\CodeIgniter->run()
#13 {main}
ERROR - 2022-06-05 15:56:24 --> Table 'navarro_milagros.categoria' doesn't exist
CRITICAL - 2022-06-05 15:56:24 --> Table 'navarro_milagros.categoria' doesn't exist
#0 C:\xampp\htdocs\TP1NavarroMilagros\system\Database\MySQLi\Connection.php(292): mysqli->query('SELECT 1\nFROM `...', 0)
#1 C:\xampp\htdocs\TP1NavarroMilagros\system\Database\BaseConnection.php(670): CodeIgniter\Database\MySQLi\Connection->execute('SELECT 1\nFROM `...')
#2 C:\xampp\htdocs\TP1NavarroMilagros\system\Database\BaseConnection.php(598): CodeIgniter\Database\BaseConnection->simpleQuery('SELECT 1\nFROM `...')
#3 C:\xampp\htdocs\TP1NavarroMilagros\system\Database\BaseBuilder.php(1455): CodeIgniter\Database\BaseConnection->query('SELECT 1\nFROM `...', Array, false)
#4 C:\xampp\htdocs\TP1NavarroMilagros\system\Validation\Rules.php(104): CodeIgniter\Database\BaseBuilder->get()
#5 C:\xampp\htdocs\TP1NavarroMilagros\system\Validation\Validation.php(292): CodeIgniter\Validation\Rules->is_not_unique(NULL, 'id', Array, NULL)
#6 C:\xampp\htdocs\TP1NavarroMilagros\system\Validation\Validation.php(157): CodeIgniter\Validation\Validation->processRules('categoria', 'categoria', NULL, Array, Array)
#7 C:\xampp\htdocs\TP1NavarroMilagros\system\Controller.php(160): CodeIgniter\Validation\Validation->run()
#8 C:\xampp\htdocs\TP1NavarroMilagros\app\Controllers\Productocontroller.php(28): CodeIgniter\Controller->validate(Array)
#9 C:\xampp\htdocs\TP1NavarroMilagros\system\CodeIgniter.php(832): App\Controllers\Productocontroller->store()
#10 C:\xampp\htdocs\TP1NavarroMilagros\system\CodeIgniter.php(419): CodeIgniter\CodeIgniter->runController(Object(App\Controllers\Productocontroller))
#11 C:\xampp\htdocs\TP1NavarroMilagros\system\CodeIgniter.php(326): CodeIgniter\CodeIgniter->handleRequest(NULL, Object(Config\Cache), false)
#12 C:\xampp\htdocs\TP1NavarroMilagros\index.php(37): CodeIgniter\CodeIgniter->run()
#13 {main}
ERROR - 2022-06-05 15:56:53 --> Table 'navarro_milagros.categoria_id' doesn't exist
CRITICAL - 2022-06-05 15:56:53 --> Table 'navarro_milagros.categoria_id' doesn't exist
#0 C:\xampp\htdocs\TP1NavarroMilagros\system\Database\MySQLi\Connection.php(292): mysqli->query('SELECT 1\nFROM `...', 0)
#1 C:\xampp\htdocs\TP1NavarroMilagros\system\Database\BaseConnection.php(670): CodeIgniter\Database\MySQLi\Connection->execute('SELECT 1\nFROM `...')
#2 C:\xampp\htdocs\TP1NavarroMilagros\system\Database\BaseConnection.php(598): CodeIgniter\Database\BaseConnection->simpleQuery('SELECT 1\nFROM `...')
#3 C:\xampp\htdocs\TP1NavarroMilagros\system\Database\BaseBuilder.php(1455): CodeIgniter\Database\BaseConnection->query('SELECT 1\nFROM `...', Array, false)
#4 C:\xampp\htdocs\TP1NavarroMilagros\system\Validation\Rules.php(104): CodeIgniter\Database\BaseBuilder->get()
#5 C:\xampp\htdocs\TP1NavarroMilagros\system\Validation\Validation.php(292): CodeIgniter\Validation\Rules->is_not_unique(NULL, 'categoria_id', Array, NULL)
#6 C:\xampp\htdocs\TP1NavarroMilagros\system\Validation\Validation.php(157): CodeIgniter\Validation\Validation->processRules('categoria', 'categoria', NULL, Array, Array)
#7 C:\xampp\htdocs\TP1NavarroMilagros\system\Controller.php(160): CodeIgniter\Validation\Validation->run()
#8 C:\xampp\htdocs\TP1NavarroMilagros\app\Controllers\Productocontroller.php(28): CodeIgniter\Controller->validate(Array)
#9 C:\xampp\htdocs\TP1NavarroMilagros\system\CodeIgniter.php(832): App\Controllers\Productocontroller->store()
#10 C:\xampp\htdocs\TP1NavarroMilagros\system\CodeIgniter.php(419): CodeIgniter\CodeIgniter->runController(Object(App\Controllers\Productocontroller))
#11 C:\xampp\htdocs\TP1NavarroMilagros\system\CodeIgniter.php(326): CodeIgniter\CodeIgniter->handleRequest(NULL, Object(Config\Cache), false)
#12 C:\xampp\htdocs\TP1NavarroMilagros\index.php(37): CodeIgniter\CodeIgniter->run()
#13 {main}
ERROR - 2022-06-05 15:57:16 --> Table 'navarro_milagros.categoria_id' doesn't exist
CRITICAL - 2022-06-05 15:57:16 --> Table 'navarro_milagros.categoria_id' doesn't exist
#0 C:\xampp\htdocs\TP1NavarroMilagros\system\Database\MySQLi\Connection.php(292): mysqli->query('SELECT 1\nFROM `...', 0)
#1 C:\xampp\htdocs\TP1NavarroMilagros\system\Database\BaseConnection.php(670): CodeIgniter\Database\MySQLi\Connection->execute('SELECT 1\nFROM `...')
#2 C:\xampp\htdocs\TP1NavarroMilagros\system\Database\BaseConnection.php(598): CodeIgniter\Database\BaseConnection->simpleQuery('SELECT 1\nFROM `...')
#3 C:\xampp\htdocs\TP1NavarroMilagros\system\Database\BaseBuilder.php(1455): CodeIgniter\Database\BaseConnection->query('SELECT 1\nFROM `...', Array, false)
#4 C:\xampp\htdocs\TP1NavarroMilagros\system\Validation\Rules.php(104): CodeIgniter\Database\BaseBuilder->get()
#5 C:\xampp\htdocs\TP1NavarroMilagros\system\Validation\Validation.php(292): CodeIgniter\Validation\Rules->is_not_unique('perros', 'categoria_id', Array, NULL)
#6 C:\xampp\htdocs\TP1NavarroMilagros\system\Validation\Validation.php(157): CodeIgniter\Validation\Validation->processRules('categoria_id', 'categoria_id', 'perros', Array, Array)
#7 C:\xampp\htdocs\TP1NavarroMilagros\system\Controller.php(160): CodeIgniter\Validation\Validation->run()
#8 C:\xampp\htdocs\TP1NavarroMilagros\app\Controllers\Productocontroller.php(28): CodeIgniter\Controller->validate(Array)
#9 C:\xampp\htdocs\TP1NavarroMilagros\system\CodeIgniter.php(832): App\Controllers\Productocontroller->store()
#10 C:\xampp\htdocs\TP1NavarroMilagros\system\CodeIgniter.php(419): CodeIgniter\CodeIgniter->runController(Object(App\Controllers\Productocontroller))
#11 C:\xampp\htdocs\TP1NavarroMilagros\system\CodeIgniter.php(326): CodeIgniter\CodeIgniter->handleRequest(NULL, Object(Config\Cache), false)
#12 C:\xampp\htdocs\TP1NavarroMilagros\index.php(37): CodeIgniter\CodeIgniter->run()
#13 {main}
CRITICAL - 2022-06-05 15:57:58 --> Call to a member function getRandomName() on null
#0 C:\xampp\htdocs\TP1NavarroMilagros\system\CodeIgniter.php(832): App\Controllers\Productocontroller->store()
#1 C:\xampp\htdocs\TP1NavarroMilagros\system\CodeIgniter.php(419): CodeIgniter\CodeIgniter->runController(Object(App\Controllers\Productocontroller))
#2 C:\xampp\htdocs\TP1NavarroMilagros\system\CodeIgniter.php(326): CodeIgniter\CodeIgniter->handleRequest(NULL, Object(Config\Cache), false)
#3 C:\xampp\htdocs\TP1NavarroMilagros\index.php(37): CodeIgniter\CodeIgniter->run()
#4 {main}
CRITICAL - 2022-06-05 16:01:44 --> Call to undefined function form_input()
#0 C:\xampp\htdocs\TP1NavarroMilagros\system\View\View.php(210): include()
#1 C:\xampp\htdocs\TP1NavarroMilagros\system\View\View.php(213): CodeIgniter\View\View->CodeIgniter\View\{closure}()
#2 C:\xampp\htdocs\TP1NavarroMilagros\system\Common.php(1089): CodeIgniter\View\View->render('back/productos/...', Array, true)
#3 C:\xampp\htdocs\TP1NavarroMilagros\app\Controllers\Productocontroller.php(22): view('back/productos/...', Array)
#4 C:\xampp\htdocs\TP1NavarroMilagros\system\CodeIgniter.php(832): App\Controllers\Productocontroller->crearproducto()
#5 C:\xampp\htdocs\TP1NavarroMilagros\system\CodeIgniter.php(419): CodeIgniter\CodeIgniter->runController(Object(App\Controllers\Productocontroller))
#6 C:\xampp\htdocs\TP1NavarroMilagros\system\CodeIgniter.php(326): CodeIgniter\CodeIgniter->handleRequest(NULL, Object(Config\Cache), false)
#7 C:\xampp\htdocs\TP1NavarroMilagros\index.php(37): CodeIgniter\CodeIgniter->run()
#8 {main}
CRITICAL - 2022-06-05 16:06:35 --> Class 'Form' not found
#0 C:\xampp\htdocs\TP1NavarroMilagros\system\View\View.php(210): include()
#1 C:\xampp\htdocs\TP1NavarroMilagros\system\View\View.php(213): CodeIgniter\View\View->CodeIgniter\View\{closure}()
#2 C:\xampp\htdocs\TP1NavarroMilagros\system\Common.php(1089): CodeIgniter\View\View->render('back/productos/...', Array, true)
#3 C:\xampp\htdocs\TP1NavarroMilagros\app\Controllers\Productocontroller.php(22): view('back/productos/...', Array)
#4 C:\xampp\htdocs\TP1NavarroMilagros\system\CodeIgniter.php(832): App\Controllers\Productocontroller->crearproducto()
#5 C:\xampp\htdocs\TP1NavarroMilagros\system\CodeIgniter.php(419): CodeIgniter\CodeIgniter->runController(Object(App\Controllers\Productocontroller))
#6 C:\xampp\htdocs\TP1NavarroMilagros\system\CodeIgniter.php(326): CodeIgniter\CodeIgniter->handleRequest(NULL, Object(Config\Cache), false)
#7 C:\xampp\htdocs\TP1NavarroMilagros\index.php(37): CodeIgniter\CodeIgniter->run()
#8 {main}
CRITICAL - 2022-06-05 16:22:22 --> Class 'Form' not found
#0 C:\xampp\htdocs\TP1NavarroMilagros\system\View\View.php(210): include()
#1 C:\xampp\htdocs\TP1NavarroMilagros\system\View\View.php(213): CodeIgniter\View\View->CodeIgniter\View\{closure}()
#2 C:\xampp\htdocs\TP1NavarroMilagros\system\Common.php(1089): CodeIgniter\View\View->render('back/productos/...', Array, true)
#3 C:\xampp\htdocs\TP1NavarroMilagros\app\Controllers\Productocontroller.php(22): view('back/productos/...', Array)
#4 C:\xampp\htdocs\TP1NavarroMilagros\system\CodeIgniter.php(832): App\Controllers\Productocontroller->crearproducto()
#5 C:\xampp\htdocs\TP1NavarroMilagros\system\CodeIgniter.php(419): CodeIgniter\CodeIgniter->runController(Object(App\Controllers\Productocontroller))
#6 C:\xampp\htdocs\TP1NavarroMilagros\system\CodeIgniter.php(326): CodeIgniter\CodeIgniter->handleRequest(NULL, Object(Config\Cache), false)
#7 C:\xampp\htdocs\TP1NavarroMilagros\index.php(37): CodeIgniter\CodeIgniter->run()
#8 {main}
CRITICAL - 2022-06-05 16:37:27 --> Class 'Form' not found
#0 C:\xampp\htdocs\TP1NavarroMilagros\system\View\View.php(210): include()
#1 C:\xampp\htdocs\TP1NavarroMilagros\system\View\View.php(213): CodeIgniter\View\View->CodeIgniter\View\{closure}()
#2 C:\xampp\htdocs\TP1NavarroMilagros\system\Common.php(1089): CodeIgniter\View\View->render('back/productos/...', Array, true)
#3 C:\xampp\htdocs\TP1NavarroMilagros\app\Controllers\Productocontroller.php(22): view('back/productos/...', Array)
#4 C:\xampp\htdocs\TP1NavarroMilagros\system\CodeIgniter.php(832): App\Controllers\Productocontroller->crearproducto()
#5 C:\xampp\htdocs\TP1NavarroMilagros\system\CodeIgniter.php(419): CodeIgniter\CodeIgniter->runController(Object(App\Controllers\Productocontroller))
#6 C:\xampp\htdocs\TP1NavarroMilagros\system\CodeIgniter.php(326): CodeIgniter\CodeIgniter->handleRequest(NULL, Object(Config\Cache), false)
#7 C:\xampp\htdocs\TP1NavarroMilagros\index.php(37): CodeIgniter\CodeIgniter->run()
#8 {main}
CRITICAL - 2022-06-05 18:44:20 --> Call to undefined function form_input()
#0 C:\xampp\htdocs\TP1NavarroMilagros\system\View\View.php(210): include()
#1 C:\xampp\htdocs\TP1NavarroMilagros\system\View\View.php(213): CodeIgniter\View\View->CodeIgniter\View\{closure}()
#2 C:\xampp\htdocs\TP1NavarroMilagros\system\Common.php(1089): CodeIgniter\View\View->render('back/productos/...', Array, true)
#3 C:\xampp\htdocs\TP1NavarroMilagros\app\Controllers\Productocontroller.php(22): view('back/productos/...', Array)
#4 C:\xampp\htdocs\TP1NavarroMilagros\system\CodeIgniter.php(832): App\Controllers\Productocontroller->crearproducto()
#5 C:\xampp\htdocs\TP1NavarroMilagros\system\CodeIgniter.php(419): CodeIgniter\CodeIgniter->runController(Object(App\Controllers\Productocontroller))
#6 C:\xampp\htdocs\TP1NavarroMilagros\system\CodeIgniter.php(326): CodeIgniter\CodeIgniter->handleRequest(NULL, Object(Config\Cache), false)
#7 C:\xampp\htdocs\TP1NavarroMilagros\index.php(37): CodeIgniter\CodeIgniter->run()
#8 {main}
CRITICAL - 2022-06-05 18:47:20 --> Call to undefined function form_input()
#0 C:\xampp\htdocs\TP1NavarroMilagros\system\View\View.php(210): include()
#1 C:\xampp\htdocs\TP1NavarroMilagros\system\View\View.php(213): CodeIgniter\View\View->CodeIgniter\View\{closure}()
#2 C:\xampp\htdocs\TP1NavarroMilagros\system\Common.php(1089): CodeIgniter\View\View->render('back/productos/...', Array, true)
#3 C:\xampp\htdocs\TP1NavarroMilagros\app\Controllers\Productocontroller.php(22): view('back/productos/...', Array)
#4 C:\xampp\htdocs\TP1NavarroMilagros\system\CodeIgniter.php(832): App\Controllers\Productocontroller->crearproducto()
#5 C:\xampp\htdocs\TP1NavarroMilagros\system\CodeIgniter.php(419): CodeIgniter\CodeIgniter->runController(Object(App\Controllers\Productocontroller))
#6 C:\xampp\htdocs\TP1NavarroMilagros\system\CodeIgniter.php(326): CodeIgniter\CodeIgniter->handleRequest(NULL, Object(Config\Cache), false)
#7 C:\xampp\htdocs\TP1NavarroMilagros\index.php(37): CodeIgniter\CodeIgniter->run()
#8 {main}
CRITICAL - 2022-06-05 18:47:46 --> Call to undefined function form_input()
#0 C:\xampp\htdocs\TP1NavarroMilagros\system\View\View.php(210): include()
#1 C:\xampp\htdocs\TP1NavarroMilagros\system\View\View.php(213): CodeIgniter\View\View->CodeIgniter\View\{closure}()
#2 C:\xampp\htdocs\TP1NavarroMilagros\system\Common.php(1089): CodeIgniter\View\View->render('back/productos/...', Array, true)
#3 C:\xampp\htdocs\TP1NavarroMilagros\app\Controllers\Productocontroller.php(22): view('back/productos/...', Array)
#4 C:\xampp\htdocs\TP1NavarroMilagros\system\CodeIgniter.php(832): App\Controllers\Productocontroller->crearproducto()
#5 C:\xampp\htdocs\TP1NavarroMilagros\system\CodeIgniter.php(419): CodeIgniter\CodeIgniter->runController(Object(App\Controllers\Productocontroller))
#6 C:\xampp\htdocs\TP1NavarroMilagros\system\CodeIgniter.php(326): CodeIgniter\CodeIgniter->handleRequest(NULL, Object(Config\Cache), false)
#7 C:\xampp\htdocs\TP1NavarroMilagros\index.php(37): CodeIgniter\CodeIgniter->run()
#8 {main}
CRITICAL - 2022-06-05 18:47:52 --> Call to undefined function form_input()
#0 C:\xampp\htdocs\TP1NavarroMilagros\system\View\View.php(210): include()
#1 C:\xampp\htdocs\TP1NavarroMilagros\system\View\View.php(213): CodeIgniter\View\View->CodeIgniter\View\{closure}()
#2 C:\xampp\htdocs\TP1NavarroMilagros\system\Common.php(1089): CodeIgniter\View\View->render('back/productos/...', Array, true)
#3 C:\xampp\htdocs\TP1NavarroMilagros\app\Controllers\Productocontroller.php(22): view('back/productos/...', Array)
#4 C:\xampp\htdocs\TP1NavarroMilagros\system\CodeIgniter.php(832): App\Controllers\Productocontroller->crearproducto()
#5 C:\xampp\htdocs\TP1NavarroMilagros\system\CodeIgniter.php(419): CodeIgniter\CodeIgniter->runController(Object(App\Controllers\Productocontroller))
#6 C:\xampp\htdocs\TP1NavarroMilagros\system\CodeIgniter.php(326): CodeIgniter\CodeIgniter->handleRequest(NULL, Object(Config\Cache), false)
#7 C:\xampp\htdocs\TP1NavarroMilagros\index.php(37): CodeIgniter\CodeIgniter->run()
#8 {main}
CRITICAL - 2022-06-05 20:21:05 --> min_length  is not a valid rule.
#0 C:\xampp\htdocs\TP1NavarroMilagros\system\Validation\Validation.php(300): CodeIgniter\Validation\Exceptions\ValidationException::forRuleNotFound('min_length ')
#1 C:\xampp\htdocs\TP1NavarroMilagros\system\Validation\Validation.php(157): CodeIgniter\Validation\Validation->processRules('email', 'email', 'correo9@algo.co...', Array, Array)
#2 C:\xampp\htdocs\TP1NavarroMilagros\system\Controller.php(160): CodeIgniter\Validation\Validation->run()
#3 C:\xampp\htdocs\TP1NavarroMilagros\app\Controllers\Usuario_crud_controller.php(28): CodeIgniter\Controller->validate(Array)
#4 C:\xampp\htdocs\TP1NavarroMilagros\system\CodeIgniter.php(832): App\Controllers\Usuario_crud_controller->store()
#5 C:\xampp\htdocs\TP1NavarroMilagros\system\CodeIgniter.php(419): CodeIgniter\CodeIgniter->runController(Object(App\Controllers\Usuario_crud_controller))
#6 C:\xampp\htdocs\TP1NavarroMilagros\system\CodeIgniter.php(326): CodeIgniter\CodeIgniter->handleRequest(NULL, Object(Config\Cache), false)
#7 C:\xampp\htdocs\TP1NavarroMilagros\index.php(37): CodeIgniter\CodeIgniter->run()
#8 {main}
CRITICAL - 2022-06-05 20:30:51 --> min_length  is not a valid rule.
#0 C:\xampp\htdocs\TP1NavarroMilagros\system\Validation\Validation.php(300): CodeIgniter\Validation\Exceptions\ValidationException::forRuleNotFound('min_length ')
#1 C:\xampp\htdocs\TP1NavarroMilagros\system\Validation\Validation.php(157): CodeIgniter\Validation\Validation->processRules('email', 'email', 'correo9@algo.co...', Array, Array)
#2 C:\xampp\htdocs\TP1NavarroMilagros\system\Controller.php(160): CodeIgniter\Validation\Validation->run()
#3 C:\xampp\htdocs\TP1NavarroMilagros\app\Controllers\Usuario_crud_controller.php(28): CodeIgniter\Controller->validate(Array)
#4 C:\xampp\htdocs\TP1NavarroMilagros\system\CodeIgniter.php(832): App\Controllers\Usuario_crud_controller->store()
#5 C:\xampp\htdocs\TP1NavarroMilagros\system\CodeIgniter.php(419): CodeIgniter\CodeIgniter->runController(Object(App\Controllers\Usuario_crud_controller))
#6 C:\xampp\htdocs\TP1NavarroMilagros\system\CodeIgniter.php(326): CodeIgniter\CodeIgniter->handleRequest(NULL, Object(Config\Cache), false)
#7 C:\xampp\htdocs\TP1NavarroMilagros\index.php(37): CodeIgniter\CodeIgniter->run()
#8 {main}
