CRITICAL - 2022-04-11 23:20:50 --> Invalid file: plantilla.php
#0 C:\xampp\htdocs\proyecto\system\View\View.php(198): CodeIgniter\Exceptions\FrameworkException::forInvalidFile('plantilla.php')
#1 C:\xampp\htdocs\proyecto\system\Common.php(1089): CodeIgniter\View\View->render('plantilla', Array, true)
#2 C:\xampp\htdocs\proyecto\app\Controllers\Home.php(9): view('plantilla')
#3 C:\xampp\htdocs\proyecto\system\CodeIgniter.php(832): App\Controllers\Home->index()
#4 C:\xampp\htdocs\proyecto\system\CodeIgniter.php(419): CodeIgniter\CodeIgniter->runController(Object(App\Controllers\Home))
#5 C:\xampp\htdocs\proyecto\system\CodeIgniter.php(326): CodeIgniter\CodeIgniter->handleRequest(NULL, Object(Config\Cache), false)
#6 C:\xampp\htdocs\proyecto\index.php(37): CodeIgniter\CodeIgniter->run()
#7 {main}
CRITICAL - 2022-04-11 23:20:54 --> Invalid file: plantilla.php
#0 C:\xampp\htdocs\proyecto\system\View\View.php(198): CodeIgniter\Exceptions\FrameworkException::forInvalidFile('plantilla.php')
#1 C:\xampp\htdocs\proyecto\system\Common.php(1089): CodeIgniter\View\View->render('plantilla', Array, true)
#2 C:\xampp\htdocs\proyecto\app\Controllers\Home.php(9): view('plantilla')
#3 C:\xampp\htdocs\proyecto\system\CodeIgniter.php(832): App\Controllers\Home->index()
#4 C:\xampp\htdocs\proyecto\system\CodeIgniter.php(419): CodeIgniter\CodeIgniter->runController(Object(App\Controllers\Home))
#5 C:\xampp\htdocs\proyecto\system\CodeIgniter.php(326): CodeIgniter\CodeIgniter->handleRequest(NULL, Object(Config\Cache), false)
#6 C:\xampp\htdocs\proyecto\index.php(37): CodeIgniter\CodeIgniter->run()
#7 {main}
CRITICAL - 2022-04-11 23:20:55 --> Invalid file: plantilla.php
#0 C:\xampp\htdocs\proyecto\system\View\View.php(198): CodeIgniter\Exceptions\FrameworkException::forInvalidFile('plantilla.php')
#1 C:\xampp\htdocs\proyecto\system\Common.php(1089): CodeIgniter\View\View->render('plantilla', Array, true)
#2 C:\xampp\htdocs\proyecto\app\Controllers\Home.php(9): view('plantilla')
#3 C:\xampp\htdocs\proyecto\system\CodeIgniter.php(832): App\Controllers\Home->index()
#4 C:\xampp\htdocs\proyecto\system\CodeIgniter.php(419): CodeIgniter\CodeIgniter->runController(Object(App\Controllers\Home))
#5 C:\xampp\htdocs\proyecto\system\CodeIgniter.php(326): CodeIgniter\CodeIgniter->handleRequest(NULL, Object(Config\Cache), false)
#6 C:\xampp\htdocs\proyecto\index.php(37): CodeIgniter\CodeIgniter->run()
#7 {main}
CRITICAL - 2022-04-11 23:21:38 --> Invalid file: plantilla.php
#0 C:\xampp\htdocs\proyecto\system\View\View.php(198): CodeIgniter\Exceptions\FrameworkException::forInvalidFile('plantilla.php')
#1 C:\xampp\htdocs\proyecto\system\Common.php(1089): CodeIgniter\View\View->render('plantilla', Array, true)
#2 C:\xampp\htdocs\proyecto\app\Controllers\Home.php(9): view('plantilla')
#3 C:\xampp\htdocs\proyecto\system\CodeIgniter.php(832): App\Controllers\Home->index()
#4 C:\xampp\htdocs\proyecto\system\CodeIgniter.php(419): CodeIgniter\CodeIgniter->runController(Object(App\Controllers\Home))
#5 C:\xampp\htdocs\proyecto\system\CodeIgniter.php(326): CodeIgniter\CodeIgniter->handleRequest(NULL, Object(Config\Cache), false)
#6 C:\xampp\htdocs\proyecto\index.php(37): CodeIgniter\CodeIgniter->run()
#7 {main}
CRITICAL - 2022-04-11 23:21:39 --> Invalid file: plantilla.php
#0 C:\xampp\htdocs\proyecto\system\View\View.php(198): CodeIgniter\Exceptions\FrameworkException::forInvalidFile('plantilla.php')
#1 C:\xampp\htdocs\proyecto\system\Common.php(1089): CodeIgniter\View\View->render('plantilla', Array, true)
#2 C:\xampp\htdocs\proyecto\app\Controllers\Home.php(9): view('plantilla')
#3 C:\xampp\htdocs\proyecto\system\CodeIgniter.php(832): App\Controllers\Home->index()
#4 C:\xampp\htdocs\proyecto\system\CodeIgniter.php(419): CodeIgniter\CodeIgniter->runController(Object(App\Controllers\Home))
#5 C:\xampp\htdocs\proyecto\system\CodeIgniter.php(326): CodeIgniter\CodeIgniter->handleRequest(NULL, Object(Config\Cache), false)
#6 C:\xampp\htdocs\proyecto\index.php(37): CodeIgniter\CodeIgniter->run()
#7 {main}
CRITICAL - 2022-04-11 23:21:57 --> Invalid file: plantilla.php
#0 C:\xampp\htdocs\proyecto\system\View\View.php(198): CodeIgniter\Exceptions\FrameworkException::forInvalidFile('plantilla.php')
#1 C:\xampp\htdocs\proyecto\system\Common.php(1089): CodeIgniter\View\View->render('plantilla', Array, true)
#2 C:\xampp\htdocs\proyecto\app\Controllers\Home.php(9): view('plantilla')
#3 C:\xampp\htdocs\proyecto\system\CodeIgniter.php(832): App\Controllers\Home->index()
#4 C:\xampp\htdocs\proyecto\system\CodeIgniter.php(419): CodeIgniter\CodeIgniter->runController(Object(App\Controllers\Home))
#5 C:\xampp\htdocs\proyecto\system\CodeIgniter.php(326): CodeIgniter\CodeIgniter->handleRequest(NULL, Object(Config\Cache), false)
#6 C:\xampp\htdocs\proyecto\index.php(37): CodeIgniter\CodeIgniter->run()
#7 {main}
