CRITICAL - 2022-05-26 16:46:43 --> syntax error, unexpected 'else' (T_ELSE), expecting function (T_FUNCTION) or const (T_CONST)
#0 C:\xampp\htdocs\TP1NavarroMilagros\system\Router\Router.php(175): CodeIgniter\Router\Router->autoRoute('login_controlle...')
#1 C:\xampp\htdocs\TP1NavarroMilagros\system\CodeIgniter.php(726): CodeIgniter\Router\Router->handle('login_controlle...')
#2 C:\xampp\htdocs\TP1NavarroMilagros\system\CodeIgniter.php(368): CodeIgniter\CodeIgniter->tryToRouteIt(Object(CodeIgniter\Router\RouteCollection))
#3 C:\xampp\htdocs\TP1NavarroMilagros\system\CodeIgniter.php(326): CodeIgniter\CodeIgniter->handleRequest(NULL, Object(Config\Cache), false)
#4 C:\xampp\htdocs\TP1NavarroMilagros\index.php(37): CodeIgniter\CodeIgniter->run()
#5 {main}
CRITICAL - 2022-05-26 16:47:15 --> syntax error, unexpected 'else' (T_ELSE), expecting function (T_FUNCTION) or const (T_CONST)
#0 C:\xampp\htdocs\TP1NavarroMilagros\system\Router\Router.php(175): CodeIgniter\Router\Router->autoRoute('login_controlle...')
#1 C:\xampp\htdocs\TP1NavarroMilagros\system\CodeIgniter.php(726): CodeIgniter\Router\Router->handle('login_controlle...')
#2 C:\xampp\htdocs\TP1NavarroMilagros\system\CodeIgniter.php(368): CodeIgniter\CodeIgniter->tryToRouteIt(Object(CodeIgniter\Router\RouteCollection))
#3 C:\xampp\htdocs\TP1NavarroMilagros\system\CodeIgniter.php(326): CodeIgniter\CodeIgniter->handleRequest(NULL, Object(Config\Cache), false)
#4 C:\xampp\htdocs\TP1NavarroMilagros\index.php(37): CodeIgniter\CodeIgniter->run()
#5 {main}
CRITICAL - 2022-05-26 16:47:18 --> syntax error, unexpected 'else' (T_ELSE), expecting function (T_FUNCTION) or const (T_CONST)
#0 C:\xampp\htdocs\TP1NavarroMilagros\system\Router\Router.php(175): CodeIgniter\Router\Router->autoRoute('login_controlle...')
#1 C:\xampp\htdocs\TP1NavarroMilagros\system\CodeIgniter.php(726): CodeIgniter\Router\Router->handle('login_controlle...')
#2 C:\xampp\htdocs\TP1NavarroMilagros\system\CodeIgniter.php(368): CodeIgniter\CodeIgniter->tryToRouteIt(Object(CodeIgniter\Router\RouteCollection))
#3 C:\xampp\htdocs\TP1NavarroMilagros\system\CodeIgniter.php(326): CodeIgniter\CodeIgniter->handleRequest(NULL, Object(Config\Cache), false)
#4 C:\xampp\htdocs\TP1NavarroMilagros\index.php(37): CodeIgniter\CodeIgniter->run()
#5 {main}
CRITICAL - 2022-05-26 16:47:19 --> syntax error, unexpected 'else' (T_ELSE), expecting function (T_FUNCTION) or const (T_CONST)
#0 C:\xampp\htdocs\TP1NavarroMilagros\system\Router\Router.php(175): CodeIgniter\Router\Router->autoRoute('login_controlle...')
#1 C:\xampp\htdocs\TP1NavarroMilagros\system\CodeIgniter.php(726): CodeIgniter\Router\Router->handle('login_controlle...')
#2 C:\xampp\htdocs\TP1NavarroMilagros\system\CodeIgniter.php(368): CodeIgniter\CodeIgniter->tryToRouteIt(Object(CodeIgniter\Router\RouteCollection))
#3 C:\xampp\htdocs\TP1NavarroMilagros\system\CodeIgniter.php(326): CodeIgniter\CodeIgniter->handleRequest(NULL, Object(Config\Cache), false)
#4 C:\xampp\htdocs\TP1NavarroMilagros\index.php(37): CodeIgniter\CodeIgniter->run()
#5 {main}
CRITICAL - 2022-05-26 16:51:13 --> Undefined variable: verify_pass
#0 C:\xampp\htdocs\TP1NavarroMilagros\app\Controllers\login_controller.php(27): CodeIgniter\Debug\Exceptions->errorHandler(8, 'Undefined varia...', 'C:\\xampp\\htdocs...', 27, Array)
#1 C:\xampp\htdocs\TP1NavarroMilagros\system\CodeIgniter.php(832): App\Controllers\login_controller->auth()
#2 C:\xampp\htdocs\TP1NavarroMilagros\system\CodeIgniter.php(419): CodeIgniter\CodeIgniter->runController(Object(App\Controllers\login_controller))
#3 C:\xampp\htdocs\TP1NavarroMilagros\system\CodeIgniter.php(326): CodeIgniter\CodeIgniter->handleRequest(NULL, Object(Config\Cache), false)
#4 C:\xampp\htdocs\TP1NavarroMilagros\index.php(37): CodeIgniter\CodeIgniter->run()
#5 {main}
CRITICAL - 2022-05-26 16:53:01 --> Undefined variable: password
#0 C:\xampp\htdocs\TP1NavarroMilagros\app\Controllers\login_controller.php(26): CodeIgniter\Debug\Exceptions->errorHandler(8, 'Undefined varia...', 'C:\\xampp\\htdocs...', 26, Array)
#1 C:\xampp\htdocs\TP1NavarroMilagros\system\CodeIgniter.php(832): App\Controllers\login_controller->auth()
#2 C:\xampp\htdocs\TP1NavarroMilagros\system\CodeIgniter.php(419): CodeIgniter\CodeIgniter->runController(Object(App\Controllers\login_controller))
#3 C:\xampp\htdocs\TP1NavarroMilagros\system\CodeIgniter.php(326): CodeIgniter\CodeIgniter->handleRequest(NULL, Object(Config\Cache), false)
#4 C:\xampp\htdocs\TP1NavarroMilagros\index.php(37): CodeIgniter\CodeIgniter->run()
#5 {main}
CRITICAL - 2022-05-26 16:59:49 --> Undefined variable: verify_pass
#0 C:\xampp\htdocs\TP1NavarroMilagros\app\Controllers\login_controller.php(27): CodeIgniter\Debug\Exceptions->errorHandler(8, 'Undefined varia...', 'C:\\xampp\\htdocs...', 27, Array)
#1 C:\xampp\htdocs\TP1NavarroMilagros\system\CodeIgniter.php(832): App\Controllers\login_controller->auth()
#2 C:\xampp\htdocs\TP1NavarroMilagros\system\CodeIgniter.php(419): CodeIgniter\CodeIgniter->runController(Object(App\Controllers\login_controller))
#3 C:\xampp\htdocs\TP1NavarroMilagros\system\CodeIgniter.php(326): CodeIgniter\CodeIgniter->handleRequest(NULL, Object(Config\Cache), false)
#4 C:\xampp\htdocs\TP1NavarroMilagros\index.php(37): CodeIgniter\CodeIgniter->run()
#5 {main}
